<?xml version="1.0" encoding="UTF-8"?>
<testsuites name="jest tests" tests="13" failures="0" errors="0" time="1.014">
  <testsuite name="post-activity-evaluations.service" errors="0" failures="0" skipped="0" timestamp="2026-05-05T20:50:45" time="0.185" tests="13">
    <testcase classname="post-activity-evaluations.service getCompletedActivitiesForEvaluation() should fetch list of activities" name="post-activity-evaluations.service getCompletedActivitiesForEvaluation() should fetch list of activities" time="0.004">
    </testcase>
    <testcase classname="post-activity-evaluations.service getFinalizedActivitiesForEvaluation() should fetch finalized activities" name="post-activity-evaluations.service getFinalizedActivitiesForEvaluation() should fetch finalized activities" time="0.001">
    </testcase>
    <testcase classname="post-activity-evaluations.service getParticipantsForEvaluation() should fetch participants with eval status" name="post-activity-evaluations.service getParticipantsForEvaluation() should fetch participants with eval status" time="0.001">
    </testcase>
    <testcase classname="post-activity-evaluations.service submitEvaluation() should POST single evaluation with all fields" name="post-activity-evaluations.service submitEvaluation() should POST single evaluation with all fields" time="0.001">
    </testcase>
    <testcase classname="post-activity-evaluations.service submitEvaluation() should work with minimal payload" name="post-activity-evaluations.service submitEvaluation() should work with minimal payload" time="0.001">
    </testcase>
    <testcase classname="post-activity-evaluations.service submitBulkEvaluations() should POST multiple evaluations" name="post-activity-evaluations.service submitBulkEvaluations() should POST multiple evaluations" time="0">
    </testcase>
    <testcase classname="post-activity-evaluations.service finalizeActivityEvaluations() should POST finalize endpoint" name="post-activity-evaluations.service finalizeActivityEvaluations() should POST finalize endpoint" time="0">
    </testcase>
    <testcase classname="post-activity-evaluations.service getEvaluationsByEmployee() should fetch all evaluations for employee" name="post-activity-evaluations.service getEvaluationsByEmployee() should fetch all evaluations for employee" time="0">
    </testcase>
    <testcase classname="post-activity-evaluations.service should handle API errors and throw with error message" name="post-activity-evaluations.service should handle API errors and throw with error message" time="0.009">
    </testcase>
    <testcase classname="post-activity-evaluations.service should return empty object when json parsing fails" name="post-activity-evaluations.service should return empty object when json parsing fails" time="0.001">
    </testcase>
    <testcase classname="post-activity-evaluations.service submitEvaluation() should handle update action" name="post-activity-evaluations.service submitEvaluation() should handle update action" time="0">
    </testcase>
    <testcase classname="post-activity-evaluations.service should include auth token in all requests" name="post-activity-evaluations.service should include auth token in all requests" time="0.001">
    </testcase>
    <testcase classname="post-activity-evaluations.service should work without token" name="post-activity-evaluations.service should work without token" time="0.001">
    </testcase>
  </testsuite>
</testsuites>