TN:
SF:src\App.tsx
FN:5,App
FNF:1
FNH:0
FNDA:0,App
DA:1,0
DA:2,0
DA:3,0
DA:5,0
DA:6,0
LF:5
LH:0
BRF:0
BRH:0
end_of_record
TN:
SF:src\config.ts
FNF:0
FNH:0
DA:1,0
LF:1
LH:0
BRDA:2,0,0,0
BRDA:2,0,1,0
BRDA:2,1,0,0
BRDA:2,1,1,0
BRF:4
BRH:0
end_of_record
TN:
SF:src\app\router.tsx
FN:10,(anonymous_10)
FN:10,(anonymous_11)
FN:11,(anonymous_12)
FN:11,(anonymous_13)
FN:12,(anonymous_14)
FN:12,(anonymous_15)
FN:13,(anonymous_16)
FN:13,(anonymous_17)
FN:14,(anonymous_18)
FN:14,(anonymous_19)
FN:15,(anonymous_20)
FN:15,(anonymous_21)
FN:16,(anonymous_22)
FN:16,(anonymous_23)
FN:18,(anonymous_24)
FN:18,(anonymous_25)
FN:19,(anonymous_26)
FN:19,(anonymous_27)
FN:20,(anonymous_28)
FN:20,(anonymous_29)
FN:21,(anonymous_30)
FN:21,(anonymous_31)
FN:22,(anonymous_32)
FN:22,(anonymous_33)
FN:23,(anonymous_34)
FN:23,(anonymous_35)
FN:24,(anonymous_36)
FN:24,(anonymous_37)
FN:25,(anonymous_38)
FN:25,(anonymous_39)
FN:26,(anonymous_40)
FN:26,(anonymous_41)
FN:27,(anonymous_42)
FN:27,(anonymous_43)
FN:28,(anonymous_44)
FN:28,(anonymous_45)
FN:29,(anonymous_46)
FN:29,(anonymous_47)
FN:30,(anonymous_48)
FN:30,(anonymous_49)
FN:31,(anonymous_50)
FN:31,(anonymous_51)
FN:32,(anonymous_52)
FN:32,(anonymous_53)
FN:33,(anonymous_54)
FN:33,(anonymous_55)
FN:34,(anonymous_56)
FN:34,(anonymous_57)
FN:35,(anonymous_58)
FN:35,(anonymous_59)
FN:36,(anonymous_60)
FN:37,(anonymous_61)
FN:37,(anonymous_62)
FN:39,(anonymous_63)
FN:40,(anonymous_64)
FN:40,(anonymous_65)
FN:42,(anonymous_66)
FN:43,(anonymous_67)
FN:43,(anonymous_68)
FN:45,(anonymous_69)
FN:45,(anonymous_70)
FN:47,(anonymous_71)
FN:47,(anonymous_72)
FN:48,(anonymous_73)
FN:48,(anonymous_74)
FN:49,(anonymous_75)
FN:49,(anonymous_76)
FN:50,(anonymous_77)
FN:50,(anonymous_78)
FN:51,(anonymous_79)
FN:52,(anonymous_80)
FN:52,(anonymous_81)
FN:54,(anonymous_82)
FN:55,(anonymous_83)
FN:55,(anonymous_84)
FN:57,(anonymous_85)
FN:57,(anonymous_86)
FN:58,(anonymous_87)
FN:58,(anonymous_88)
FN:59,(anonymous_89)
FN:59,(anonymous_90)
FN:61,(anonymous_91)
FN:61,(anonymous_92)
FN:62,(anonymous_93)
FN:62,(anonymous_94)
FN:63,(anonymous_95)
FN:63,(anonymous_96)
FN:64,(anonymous_97)
FN:64,(anonymous_98)
FN:65,(anonymous_99)
FN:65,(anonymous_100)
FN:66,(anonymous_101)
FN:66,(anonymous_102)
FN:68,(anonymous_103)
FN:68,(anonymous_104)
FN:69,(anonymous_105)
FN:69,(anonymous_106)
FN:70,(anonymous_107)
FN:70,(anonymous_108)
FN:71,(anonymous_109)
FN:71,(anonymous_110)
FN:72,(anonymous_111)
FN:72,(anonymous_112)
FN:73,(anonymous_113)
FN:73,(anonymous_114)
FN:74,(anonymous_115)
FN:74,(anonymous_116)
FN:75,(anonymous_117)
FN:75,(anonymous_118)
FN:76,(anonymous_119)
FN:76,(anonymous_120)
FN:78,withSuspense
FN:87,getRole
FN:98,RequireRole
FN:110,Forbidden
FN:124,NotificationsRedirect
FN:139,ManagerStaffingToReviewRedirect
FNF:117
FNH:0
FNDA:0,(anonymous_10)
FNDA:0,(anonymous_11)
FNDA:0,(anonymous_12)
FNDA:0,(anonymous_13)
FNDA:0,(anonymous_14)
FNDA:0,(anonymous_15)
FNDA:0,(anonymous_16)
FNDA:0,(anonymous_17)
FNDA:0,(anonymous_18)
FNDA:0,(anonymous_19)
FNDA:0,(anonymous_20)
FNDA:0,(anonymous_21)
FNDA:0,(anonymous_22)
FNDA:0,(anonymous_23)
FNDA:0,(anonymous_24)
FNDA:0,(anonymous_25)
FNDA:0,(anonymous_26)
FNDA:0,(anonymous_27)
FNDA:0,(anonymous_28)
FNDA:0,(anonymous_29)
FNDA:0,(anonymous_30)
FNDA:0,(anonymous_31)
FNDA:0,(anonymous_32)
FNDA:0,(anonymous_33)
FNDA:0,(anonymous_34)
FNDA:0,(anonymous_35)
FNDA:0,(anonymous_36)
FNDA:0,(anonymous_37)
FNDA:0,(anonymous_38)
FNDA:0,(anonymous_39)
FNDA:0,(anonymous_40)
FNDA:0,(anonymous_41)
FNDA:0,(anonymous_42)
FNDA:0,(anonymous_43)
FNDA:0,(anonymous_44)
FNDA:0,(anonymous_45)
FNDA:0,(anonymous_46)
FNDA:0,(anonymous_47)
FNDA:0,(anonymous_48)
FNDA:0,(anonymous_49)
FNDA:0,(anonymous_50)
FNDA:0,(anonymous_51)
FNDA:0,(anonymous_52)
FNDA:0,(anonymous_53)
FNDA:0,(anonymous_54)
FNDA:0,(anonymous_55)
FNDA:0,(anonymous_56)
FNDA:0,(anonymous_57)
FNDA:0,(anonymous_58)
FNDA:0,(anonymous_59)
FNDA:0,(anonymous_60)
FNDA:0,(anonymous_61)
FNDA:0,(anonymous_62)
FNDA:0,(anonymous_63)
FNDA:0,(anonymous_64)
FNDA:0,(anonymous_65)
FNDA:0,(anonymous_66)
FNDA:0,(anonymous_67)
FNDA:0,(anonymous_68)
FNDA:0,(anonymous_69)
FNDA:0,(anonymous_70)
FNDA:0,(anonymous_71)
FNDA:0,(anonymous_72)
FNDA:0,(anonymous_73)
FNDA:0,(anonymous_74)
FNDA:0,(anonymous_75)
FNDA:0,(anonymous_76)
FNDA:0,(anonymous_77)
FNDA:0,(anonymous_78)
FNDA:0,(anonymous_79)
FNDA:0,(anonymous_80)
FNDA:0,(anonymous_81)
FNDA:0,(anonymous_82)
FNDA:0,(anonymous_83)
FNDA:0,(anonymous_84)
FNDA:0,(anonymous_85)
FNDA:0,(anonymous_86)
FNDA:0,(anonymous_87)
FNDA:0,(anonymous_88)
FNDA:0,(anonymous_89)
FNDA:0,(anonymous_90)
FNDA:0,(anonymous_91)
FNDA:0,(anonymous_92)
FNDA:0,(anonymous_93)
FNDA:0,(anonymous_94)
FNDA:0,(anonymous_95)
FNDA:0,(anonymous_96)
FNDA:0,(anonymous_97)
FNDA:0,(anonymous_98)
FNDA:0,(anonymous_99)
FNDA:0,(anonymous_100)
FNDA:0,(anonymous_101)
FNDA:0,(anonymous_102)
FNDA:0,(anonymous_103)
FNDA:0,(anonymous_104)
FNDA:0,(anonymous_105)
FNDA:0,(anonymous_106)
FNDA:0,(anonymous_107)
FNDA:0,(anonymous_108)
FNDA:0,(anonymous_109)
FNDA:0,(anonymous_110)
FNDA:0,(anonymous_111)
FNDA:0,(anonymous_112)
FNDA:0,(anonymous_113)
FNDA:0,(anonymous_114)
FNDA:0,(anonymous_115)
FNDA:0,(anonymous_116)
FNDA:0,(anonymous_117)
FNDA:0,(anonymous_118)
FNDA:0,(anonymous_119)
FNDA:0,(anonymous_120)
FNDA:0,withSuspense
FNDA:0,getRole
FNDA:0,RequireRole
FNDA:0,Forbidden
FNDA:0,NotificationsRedirect
FNDA:0,ManagerStaffingToReviewRedirect
DA:1,0
DA:2,0
DA:4,0
DA:5,0
DA:6,0
DA:7,0
DA:8,0
DA:10,0
DA:11,0
DA:12,0
DA:13,0
DA:14,0
DA:15,0
DA:16,0
DA:18,0
DA:19,0
DA:20,0
DA:21,0
DA:22,0
DA:23,0
DA:24,0
DA:25,0
DA:26,0
DA:27,0
DA:28,0
DA:29,0
DA:30,0
DA:31,0
DA:32,0
DA:33,0
DA:34,0
DA:35,0
DA:36,0
DA:37,0
DA:39,0
DA:40,0
DA:42,0
DA:43,0
DA:45,0
DA:47,0
DA:48,0
DA:49,0
DA:50,0
DA:51,0
DA:52,0
DA:54,0
DA:55,0
DA:57,0
DA:58,0
DA:59,0
DA:61,0
DA:62,0
DA:63,0
DA:64,0
DA:65,0
DA:66,0
DA:68,0
DA:69,0
DA:70,0
DA:71,0
DA:72,0
DA:73,0
DA:74,0
DA:75,0
DA:76,0
DA:79,0
DA:88,0
DA:89,0
DA:90,0
DA:91,0
DA:92,0
DA:94,0
DA:99,0
DA:100,0
DA:102,0
DA:103,0
DA:105,0
DA:107,0
DA:111,0
DA:125,0
DA:126,0
DA:127,0
DA:129,0
DA:130,0
DA:131,0
DA:132,0
DA:133,0
DA:134,0
DA:136,0
DA:140,0
DA:141,0
DA:144,0
LF:92
LH:0
BRDA:90,0,0,0
BRDA:90,0,1,0
BRDA:92,1,0,0
BRDA:92,1,1,0
BRDA:100,2,0,0
BRDA:100,2,1,0
BRDA:103,3,0,0
BRDA:103,3,1,0
BRDA:105,4,0,0
BRDA:105,4,1,0
BRDA:126,5,0,0
BRDA:126,5,1,0
BRDA:126,6,0,0
BRDA:126,6,1,0
BRDA:129,7,0,0
BRDA:129,7,1,0
BRDA:130,8,0,0
BRDA:130,8,1,0
BRDA:132,9,0,0
BRDA:132,9,1,0
BRDA:134,10,0,0
BRDA:134,10,1,0
BRDA:140,11,0,0
BRF:23
BRH:0
end_of_record
TN:
SF:src\components\AuthFooter.tsx
FN:3,AuthFooter
FNF:1
FNH:0
FNDA:0,AuthFooter
DA:1,0
DA:3,0
DA:4,0
LF:3
LH:0
BRF:0
BRH:0
end_of_record
TN:
SF:src\components\ExperienceSegmentsEditor.tsx
FN:12,extractIdList
FN:15,(anonymous_1)
FN:23,mapApiSkillsToOptions
FN:26,(anonymous_3)
FN:48,mapApiSegmentsToInput
FN:50,(anonymous_5)
FN:61,ExperienceSegmentsEditor
FN:73,(anonymous_7)
FN:78,(anonymous_8)
FN:79,(anonymous_9)
FN:83,(anonymous_10)
FN:84,(anonymous_11)
FN:87,(anonymous_12)
FN:90,(anonymous_13)
FN:90,(anonymous_14)
FN:113,(anonymous_15)
FN:149,(anonymous_16)
FN:159,(anonymous_17)
FN:174,(anonymous_18)
FN:199,(anonymous_19)
FN:216,(anonymous_20)
FN:219,(anonymous_21)
FN:221,(anonymous_22)
FN:222,(anonymous_23)
FN:223,(anonymous_24)
FN:260,(anonymous_25)
FN:277,(anonymous_26)
FN:280,(anonymous_27)
FN:297,(anonymous_28)
FN:313,validateExperienceSegmentsForSave
FNF:30
FNH:0
FNDA:0,extractIdList
FNDA:0,(anonymous_1)
FNDA:0,mapApiSkillsToOptions
FNDA:0,(anonymous_3)
FNDA:0,mapApiSegmentsToInput
FNDA:0,(anonymous_5)
FNDA:0,ExperienceSegmentsEditor
FNDA:0,(anonymous_7)
FNDA:0,(anonymous_8)
FNDA:0,(anonymous_9)
FNDA:0,(anonymous_10)
FNDA:0,(anonymous_11)
FNDA:0,(anonymous_12)
FNDA:0,(anonymous_13)
FNDA:0,(anonymous_14)
FNDA:0,(anonymous_15)
FNDA:0,(anonymous_16)
FNDA:0,(anonymous_17)
FNDA:0,(anonymous_18)
FNDA:0,(anonymous_19)
FNDA:0,(anonymous_20)
FNDA:0,(anonymous_21)
FNDA:0,(anonymous_22)
FNDA:0,(anonymous_23)
FNDA:0,(anonymous_24)
FNDA:0,(anonymous_25)
FNDA:0,(anonymous_26)
FNDA:0,(anonymous_27)
FNDA:0,(anonymous_28)
FNDA:0,validateExperienceSegmentsForSave
DA:3,0
DA:13,0
DA:14,0
DA:16,0
DA:17,0
DA:18,0
DA:23,0
DA:24,0
DA:25,0
DA:27,0
DA:28,0
DA:29,0
DA:30,0
DA:48,0
DA:49,0
DA:50,0
DA:51,0
DA:61,0
DA:69,0
DA:70,0
DA:71,0
DA:73,0
DA:74,0
DA:75,0
DA:78,0
DA:79,0
DA:80,0
DA:83,0
DA:84,0
DA:87,0
DA:88,0
DA:89,0
DA:90,0
DA:93,0
DA:114,0
DA:115,0
DA:116,0
DA:149,0
DA:159,0
DA:174,0
DA:200,0
DA:201,0
DA:217,0
DA:219,0
DA:220,0
DA:221,0
DA:222,0
DA:223,0
DA:225,0
DA:261,0
DA:262,0
DA:278,0
DA:280,0
DA:281,0
DA:297,0
DA:313,0
DA:317,0
DA:318,0
DA:319,0
DA:321,0
DA:322,0
DA:324,0
DA:325,0
DA:326,0
DA:328,0
DA:329,0
DA:330,0
DA:333,0
DA:334,0
DA:335,0
DA:337,0
LF:71
LH:0
BRDA:13,0,0,0
BRDA:13,0,1,0
BRDA:16,1,0,0
BRDA:16,1,1,0
BRDA:17,2,0,0
BRDA:17,2,1,0
BRDA:17,3,0,0
BRDA:17,3,1,0
BRDA:17,3,2,0
BRDA:17,4,0,0
BRDA:17,4,1,0
BRDA:24,5,0,0
BRDA:24,5,1,0
BRDA:27,6,0,0
BRDA:27,6,1,0
BRDA:28,7,0,0
BRDA:28,7,1,0
BRDA:32,8,0,0
BRDA:32,8,1,0
BRDA:49,9,0,0
BRDA:49,9,1,0
BRDA:56,10,0,0
BRDA:56,10,1,0
BRDA:79,11,0,0
BRDA:79,11,1,0
BRDA:89,12,0,0
BRDA:89,12,1,0
BRDA:95,13,0,0
BRDA:95,13,1,0
BRDA:95,13,2,0
BRDA:95,13,3,0
BRDA:95,13,4,0
BRDA:107,14,0,0
BRDA:107,14,1,0
BRDA:131,15,0,0
BRDA:131,15,1,0
BRDA:149,16,0,0
BRDA:149,16,1,0
BRDA:159,17,0,0
BRDA:159,17,1,0
BRDA:173,18,0,0
BRDA:173,18,1,0
BRDA:196,19,0,0
BRDA:196,19,1,0
BRDA:217,20,0,0
BRDA:217,20,1,0
BRDA:223,21,0,0
BRDA:223,21,1,0
BRDA:253,22,0,0
BRDA:253,22,1,0
BRDA:255,23,0,0
BRDA:255,23,1,0
BRDA:278,24,0,0
BRDA:278,24,1,0
BRDA:317,25,0,0
BRDA:317,25,1,0
BRDA:318,26,0,0
BRDA:318,26,1,0
BRDA:321,27,0,0
BRDA:321,27,1,0
BRDA:325,28,0,0
BRDA:325,28,1,0
BRDA:325,29,0,0
BRDA:325,29,1,0
BRDA:328,30,0,0
BRDA:328,30,1,0
BRDA:329,31,0,0
BRDA:329,31,1,0
BRDA:329,32,0,0
BRDA:329,32,1,0
BRDA:333,33,0,0
BRDA:333,33,1,0
BRDA:334,34,0,0
BRDA:334,34,1,0
BRF:74
BRH:0
end_of_record
TN:
SF:src\components\RequireRole.tsx
FN:6,getStoredUser
FN:16,RequireRole
FNF:2
FNH:0
FNDA:0,getStoredUser
FNDA:0,RequireRole
DA:2,0
DA:7,0
DA:8,0
DA:9,0
DA:10,0
DA:12,0
DA:16,0
DA:17,0
DA:18,0
DA:20,0
DA:21,0
DA:24,0
DA:26,0
DA:28,0
LF:14
LH:0
BRDA:9,0,0,0
BRDA:9,0,1,0
BRDA:18,1,0,0
BRDA:18,1,1,0
BRDA:24,2,0,0
BRDA:24,2,1,0
BRDA:26,3,0,0
BRDA:26,3,1,0
BRF:8
BRH:0
end_of_record
TN:
SF:src\components\SiteNav.tsx
FN:4,SiteNav
FNF:1
FNH:0
FNDA:0,SiteNav
DA:1,0
DA:2,0
DA:4,0
DA:5,0
LF:4
LH:0
BRF:0
BRH:0
end_of_record
TN:
SF:src\components\TopNav.tsx
FN:3,(anonymous_0)
FN:13,TopNav
FNF:2
FNH:0
FNDA:0,(anonymous_0)
FNDA:0,TopNav
DA:1,0
DA:3,0
DA:13,0
DA:14,0
LF:4
LH:0
BRDA:9,0,0,0
BRDA:9,0,1,0
BRDA:10,1,0,0
BRDA:10,1,1,0
BRF:4
BRH:0
end_of_record
TN:
SF:src\components\notifications\NotificationBell.tsx
FN:6,NotificationBell
FN:11,(anonymous_2)
FN:12,(anonymous_3)
FN:21,(anonymous_4)
FN:29,(anonymous_5)
FN:29,(anonymous_6)
FN:41,(anonymous_7)
FNF:7
FNH:0
FNDA:0,NotificationBell
FNDA:0,(anonymous_2)
FNDA:0,(anonymous_3)
FNDA:0,(anonymous_4)
FNDA:0,(anonymous_5)
FNDA:0,(anonymous_6)
FNDA:0,(anonymous_7)
DA:1,0
DA:2,0
DA:3,0
DA:4,0
DA:6,0
DA:7,0
DA:8,0
DA:9,0
DA:11,0
DA:12,0
DA:13,0
DA:15,0
DA:16,0
DA:20,0
DA:21,0
DA:24,0
DA:29,0
DA:41,0
LF:18
LH:0
BRDA:13,0,0,0
BRDA:13,0,1,0
BRDA:15,1,0,0
BRDA:15,1,1,0
BRDA:34,2,0,0
BRDA:34,2,1,0
BRDA:36,3,0,0
BRDA:36,3,1,0
BRDA:41,4,0,0
BRDA:41,4,1,0
BRF:10
BRH:0
end_of_record
TN:
SF:src\components\notifications\NotificationDropdown.tsx
FN:11,getNotificationsPath
FN:27,NotificationDropdown
FN:35,(anonymous_3)
FN:81,(anonymous_4)
FN:95,(anonymous_5)
FNF:5
FNH:0
FNDA:0,getNotificationsPath
FNDA:0,NotificationDropdown
FNDA:0,(anonymous_3)
FNDA:0,(anonymous_4)
FNDA:0,(anonymous_5)
DA:1,0
DA:2,0
DA:4,0
DA:5,0
DA:12,0
DA:13,0
DA:14,0
DA:15,0
DA:16,0
DA:17,0
DA:18,0
DA:19,0
DA:20,0
DA:21,0
DA:23,0
DA:27,0
DA:28,0
DA:33,0
DA:35,0
DA:36,0
DA:37,0
DA:40,0
DA:42,0
DA:43,0
DA:44,0
DA:45,0
DA:48,0
DA:55,0
DA:57,0
DA:82,0
DA:96,0
DA:97,0
LF:32
LH:0
BRDA:14,0,0,0
BRDA:14,0,1,0
BRDA:16,1,0,0
BRDA:16,1,1,0
BRDA:17,2,0,0
BRDA:17,2,1,0
BRDA:17,3,0,0
BRDA:17,3,1,0
BRDA:18,4,0,0
BRDA:18,4,1,0
BRDA:19,5,0,0
BRDA:19,5,1,0
BRDA:20,6,0,0
BRDA:20,6,1,0
BRDA:36,7,0,0
BRDA:36,7,1,0
BRDA:43,8,0,0
BRDA:43,8,1,0
BRDA:43,9,0,0
BRDA:43,9,1,0
BRDA:76,10,0,0
BRDA:76,10,1,0
BRDA:78,11,0,0
BRDA:78,11,1,0
BRF:24
BRH:0
end_of_record
TN:
SF:src\components\notifications\NotificationItem.tsx
FN:8,formatRelativeDate
FN:25,NotificationItem
FN:34,(anonymous_2)
FN:40,(anonymous_3)
FNF:4
FNH:0
FNDA:0,formatRelativeDate
FNDA:0,NotificationItem
FNDA:0,(anonymous_2)
FNDA:0,(anonymous_3)
DA:9,0
DA:10,0
DA:11,0
DA:13,0
DA:14,0
DA:15,0
DA:17,0
DA:18,0
DA:19,0
DA:20,0
DA:22,0
DA:25,0
DA:26,0
DA:27,0
DA:28,0
DA:32,0
DA:34,0
DA:36,0
DA:40,0
LF:19
LH:0
BRDA:17,0,0,0
BRDA:17,0,1,0
BRDA:18,1,0,0
BRDA:18,1,1,0
BRDA:19,2,0,0
BRDA:19,2,1,0
BRDA:20,3,0,0
BRDA:20,3,1,0
BRDA:26,4,0,0
BRDA:26,4,1,0
BRDA:26,4,2,0
BRDA:29,5,0,0
BRDA:29,5,1,0
BRDA:29,6,0,0
BRDA:29,6,1,0
BRDA:29,6,2,0
BRDA:39,7,0,0
BRDA:39,7,1,0
BRDA:47,8,0,0
BRDA:47,8,1,0
BRDA:51,9,0,0
BRDA:51,9,1,0
BRF:22
BRH:0
end_of_record
TN:
SF:src\context\NotificationContext.tsx
FN:19,getAuthToken
FN:44,NotificationProvider
FN:49,(anonymous_2)
FN:50,(anonymous_3)
FN:55,(anonymous_4)
FN:88,(anonymous_5)
FN:89,(anonymous_6)
FN:95,(anonymous_7)
FN:100,(anonymous_8)
FN:101,(anonymous_9)
FN:102,(anonymous_10)
FN:115,(anonymous_11)
FN:119,(anonymous_12)
FN:120,(anonymous_13)
FN:127,(anonymous_14)
FN:128,(anonymous_15)
FN:128,(anonymous_16)
FN:138,(anonymous_17)
FN:142,(anonymous_18)
FN:142,(anonymous_19)
FN:152,(anonymous_20)
FN:155,(anonymous_21)
FN:159,(anonymous_22)
FN:162,(anonymous_23)
FN:163,(anonymous_24)
FN:167,(anonymous_25)
FNF:26
FNH:0
FNDA:0,getAuthToken
FNDA:0,NotificationProvider
FNDA:0,(anonymous_2)
FNDA:0,(anonymous_3)
FNDA:0,(anonymous_4)
FNDA:0,(anonymous_5)
FNDA:0,(anonymous_6)
FNDA:0,(anonymous_7)
FNDA:0,(anonymous_8)
FNDA:0,(anonymous_9)
FNDA:0,(anonymous_10)
FNDA:0,(anonymous_11)
FNDA:0,(anonymous_12)
FNDA:0,(anonymous_13)
FNDA:0,(anonymous_14)
FNDA:0,(anonymous_15)
FNDA:0,(anonymous_16)
FNDA:0,(anonymous_17)
FNDA:0,(anonymous_18)
FNDA:0,(anonymous_19)
FNDA:0,(anonymous_20)
FNDA:0,(anonymous_21)
FNDA:0,(anonymous_22)
FNDA:0,(anonymous_23)
FNDA:0,(anonymous_24)
FNDA:0,(anonymous_25)
DA:1,0
DA:11,0
DA:20,0
DA:36,0
DA:44,0
DA:45,0
DA:46,0
DA:47,0
DA:49,0
DA:50,0
DA:51,0
DA:55,0
DA:56,0
DA:57,0
DA:58,0
DA:59,0
DA:60,0
DA:63,0
DA:64,0
DA:65,0
DA:67,0
DA:68,0
DA:69,0
DA:70,0
DA:71,0
DA:73,0
DA:74,0
DA:75,0
DA:76,0
DA:78,0
DA:80,0
DA:81,0
DA:82,0
DA:83,0
DA:88,0
DA:89,0
DA:90,0
DA:93,0
DA:95,0
DA:96,0
DA:100,0
DA:101,0
DA:102,0
DA:103,0
DA:107,0
DA:108,0
DA:110,0
DA:111,0
DA:115,0
DA:116,0
DA:117,0
DA:119,0
DA:120,0
DA:123,0
DA:127,0
DA:128,0
DA:130,0
DA:131,0
DA:133,0
DA:134,0
DA:138,0
DA:139,0
DA:140,0
DA:142,0
DA:144,0
DA:145,0
DA:147,0
DA:148,0
DA:152,0
DA:153,0
DA:155,0
DA:156,0
DA:159,0
DA:162,0
DA:163,0
DA:166,0
DA:167,0
DA:189,0
LF:78
LH:0
BRDA:20,0,0,0
BRDA:20,0,1,0
BRDA:20,0,2,0
BRDA:57,1,0,0
BRDA:57,1,1,0
BRDA:70,2,0,0
BRDA:70,2,1,0
BRDA:71,3,0,0
BRDA:71,3,1,0
BRDA:73,4,0,0
BRDA:73,4,1,0
BRDA:75,5,0,0
BRDA:75,5,1,0
BRDA:80,6,0,0
BRDA:80,6,1,0
BRDA:82,7,0,0
BRDA:82,7,1,0
BRDA:103,8,0,0
BRDA:103,8,1,0
BRDA:140,9,0,0
BRDA:140,9,1,0
BRF:21
BRH:0
end_of_record
TN:
SF:src\context\TranslateContext.tsx
FN:11,(anonymous_0)
FN:14,TranslateProvider
FN:17,(anonymous_2)
FN:22,(anonymous_3)
FN:23,(anonymous_4)
FN:24,(anonymous_5)
FN:33,(anonymous_6)
FN:43,useTranslate
FNF:8
FNH:0
FNDA:0,(anonymous_0)
FNDA:0,TranslateProvider
FNDA:0,(anonymous_2)
FNDA:0,(anonymous_3)
FNDA:0,(anonymous_4)
FNDA:0,(anonymous_5)
FNDA:0,(anonymous_6)
FNDA:0,useTranslate
DA:1,0
DA:2,0
DA:9,0
DA:14,0
DA:15,0
DA:17,0
DA:18,0
DA:20,0
DA:22,0
DA:23,0
DA:24,0
DA:25,0
DA:26,0
DA:32,0
DA:33,0
DA:36,0
DA:43,0
DA:44,0
LF:18
LH:0
BRDA:18,0,0,0
BRDA:18,0,1,0
BRDA:25,1,0,0
BRDA:25,1,1,0
BRF:4
BRH:0
end_of_record
TN:
SF:src\hooks\useAutoTranslate.ts
FN:4,useAutoTranslate
FN:7,(anonymous_1)
FN:11,(anonymous_2)
FN:12,(anonymous_3)
FN:13,(anonymous_4)
FN:26,(anonymous_5)
FNF:6
FNH:0
FNDA:0,useAutoTranslate
FNDA:0,(anonymous_1)
FNDA:0,(anonymous_2)
FNDA:0,(anonymous_3)
FNDA:0,(anonymous_4)
FNDA:0,(anonymous_5)
DA:1,0
DA:2,0
DA:4,0
DA:5,0
DA:7,0
DA:8,0
DA:9,0
DA:11,0
DA:12,0
DA:13,0
DA:14,0
DA:15,0
DA:21,0
DA:26,0
DA:30,0
LF:15
LH:0
BRDA:8,0,0,0
BRDA:8,0,1,0
BRDA:14,1,0,0
BRDA:14,1,1,0
BRF:4
BRH:0
end_of_record
TN:
SF:src\hooks\useNotifications.ts
FN:4,useNotifications
FNF:1
FNH:0
FNDA:0,useNotifications
DA:1,0
DA:2,0
DA:4,0
DA:5,0
DA:7,0
DA:8,0
DA:13,0
LF:7
LH:0
BRDA:7,0,0,0
BRDA:7,0,1,0
BRF:2
BRH:0
end_of_record
TN:
SF:src\layouts\AppShell.tsx
FN:23,linkClass
FN:27,inferNavGroup
FN:41,SidebarAvatar
FN:83,(anonymous_4)
FN:88,ProfileIcon
FN:113,AppShell
FN:148,(anonymous_7)
FN:161,(anonymous_8)
FN:170,(anonymous_9)
FN:171,(anonymous_10)
FN:177,(anonymous_11)
FN:182,(anonymous_12)
FN:184,(anonymous_13)
FN:186,(anonymous_14)
FN:189,(anonymous_15)
FN:196,(anonymous_16)
FN:198,(anonymous_17)
FN:201,(anonymous_18)
FN:257,(anonymous_19)
FN:279,(anonymous_20)
FN:295,(anonymous_21)
FN:316,(anonymous_22)
FN:321,(anonymous_23)
FN:369,(anonymous_24)
FN:385,(anonymous_25)
FN:441,(anonymous_26)
FN:441,(anonymous_27)
FN:506,NavItemIcon
FNF:28
FNH:0
FNDA:0,linkClass
FNDA:0,inferNavGroup
FNDA:0,SidebarAvatar
FNDA:0,(anonymous_4)
FNDA:0,ProfileIcon
FNDA:0,AppShell
FNDA:0,(anonymous_7)
FNDA:0,(anonymous_8)
FNDA:0,(anonymous_9)
FNDA:0,(anonymous_10)
FNDA:0,(anonymous_11)
FNDA:0,(anonymous_12)
FNDA:0,(anonymous_13)
FNDA:0,(anonymous_14)
FNDA:0,(anonymous_15)
FNDA:0,(anonymous_16)
FNDA:0,(anonymous_17)
FNDA:0,(anonymous_18)
FNDA:0,(anonymous_19)
FNDA:0,(anonymous_20)
FNDA:0,(anonymous_21)
FNDA:0,(anonymous_22)
FNDA:0,(anonymous_23)
FNDA:0,(anonymous_24)
FNDA:0,(anonymous_25)
FNDA:0,(anonymous_26)
FNDA:0,(anonymous_27)
FNDA:0,NavItemIcon
DA:2,0
DA:3,0
DA:4,0
DA:5,0
DA:6,0
DA:21,0
DA:24,0
DA:28,0
DA:30,0
DA:31,0
DA:34,0
DA:35,0
DA:38,0
DA:48,0
DA:50,0
DA:51,0
DA:54,0
DA:55,0
DA:57,0
DA:78,0
DA:83,0
DA:89,0
DA:113,0
DA:138,0
DA:139,0
DA:141,0
DA:142,0
DA:144,0
DA:146,0
DA:148,0
DA:149,0
DA:159,0
DA:161,0
DA:162,0
DA:163,0
DA:164,0
DA:166,0
DA:169,0
DA:170,0
DA:171,0
DA:177,0
DA:178,0
DA:179,0
DA:181,0
DA:182,0
DA:184,0
DA:186,0
DA:189,0
DA:190,0
DA:191,0
DA:192,0
DA:193,0
DA:196,0
DA:197,0
DA:198,0
DA:201,0
DA:202,0
DA:203,0
DA:204,0
DA:206,0
DA:207,0
DA:210,0
DA:257,0
DA:279,0
DA:295,0
DA:317,0
DA:322,0
DA:369,0
DA:385,0
DA:441,0
DA:513,0
DA:515,0
DA:516,0
DA:526,0
DA:527,0
DA:547,0
DA:548,0
DA:561,0
DA:562,0
DA:572,0
DA:573,0
DA:586,0
DA:587,0
DA:596,0
DA:597,0
DA:606,0
DA:607,0
DA:615,0
DA:616,0
DA:635,0
DA:636,0
DA:650,0
DA:651,0
DA:662,0
DA:663,0
DA:680,0
DA:681,0
DA:699,0
LF:98
LH:0
BRDA:24,0,0,0
BRDA:24,0,1,0
BRDA:30,1,0,0
BRDA:30,1,1,0
BRDA:30,2,0,0
BRDA:30,2,1,0
BRDA:30,2,2,0
BRDA:34,3,0,0
BRDA:34,3,1,0
BRDA:34,4,0,0
BRDA:34,4,1,0
BRDA:50,5,0,0
BRDA:50,5,1,0
BRDA:54,6,0,0
BRDA:54,6,1,0
BRDA:55,7,0,0
BRDA:55,7,1,0
BRDA:122,8,0,0
BRDA:146,9,0,0
BRDA:146,9,1,0
BRDA:146,10,0,0
BRDA:146,10,1,0
BRDA:162,11,0,0
BRDA:162,11,1,0
BRDA:163,12,0,0
BRDA:163,12,1,0
BRDA:179,13,0,0
BRDA:179,13,1,0
BRDA:190,14,0,0
BRDA:190,14,1,0
BRDA:192,15,0,0
BRDA:192,15,1,0
BRDA:192,16,0,0
BRDA:192,16,1,0
BRDA:193,17,0,0
BRDA:193,17,1,0
BRDA:202,18,0,0
BRDA:202,18,1,0
BRDA:206,19,0,0
BRDA:206,19,1,0
BRDA:225,20,0,0
BRDA:225,20,1,0
BRDA:292,21,0,0
BRDA:292,21,1,0
BRDA:338,22,0,0
BRDA:338,22,1,0
BRDA:353,23,0,0
BRDA:353,23,1,0
BRDA:359,24,0,0
BRDA:359,24,1,0
BRDA:362,25,0,0
BRDA:362,25,1,0
BRDA:374,26,0,0
BRDA:374,26,1,0
BRDA:374,27,0,0
BRDA:374,27,1,0
BRDA:382,28,0,0
BRDA:382,28,1,0
BRDA:430,29,0,0
BRDA:430,29,1,0
BRDA:440,30,0,0
BRDA:440,30,1,0
BRDA:443,31,0,0
BRDA:443,31,1,0
BRDA:446,32,0,0
BRDA:446,32,1,0
BRDA:475,33,0,0
BRDA:475,33,1,0
BRDA:480,34,0,0
BRDA:480,34,1,0
BRDA:513,35,0,0
BRDA:513,35,1,0
BRDA:515,36,0,0
BRDA:515,36,1,0
BRDA:526,37,0,0
BRDA:526,37,1,0
BRDA:547,38,0,0
BRDA:547,38,1,0
BRDA:561,39,0,0
BRDA:561,39,1,0
BRDA:572,40,0,0
BRDA:572,40,1,0
BRDA:586,41,0,0
BRDA:586,41,1,0
BRDA:586,42,0,0
BRDA:586,42,1,0
BRDA:586,42,2,0
BRDA:596,43,0,0
BRDA:596,43,1,0
BRDA:596,44,0,0
BRDA:596,44,1,0
BRDA:606,45,0,0
BRDA:606,45,1,0
BRDA:615,46,0,0
BRDA:615,46,1,0
BRDA:635,47,0,0
BRDA:635,47,1,0
BRDA:650,48,0,0
BRDA:650,48,1,0
BRDA:650,49,0,0
BRDA:650,49,1,0
BRDA:650,49,2,0
BRDA:662,50,0,0
BRDA:662,50,1,0
BRDA:680,51,0,0
BRDA:680,51,1,0
BRF:106
BRH:0
end_of_record
TN:
SF:src\layouts\EmployeeLayout.tsx
FN:15,EmployeeLayout
FN:18,(anonymous_2)
FN:19,(anonymous_3)
FN:19,(anonymous_4)
FN:22,(anonymous_5)
FN:28,(anonymous_6)
FN:33,(anonymous_7)
FNF:7
FNH:0
FNDA:0,EmployeeLayout
FNDA:0,(anonymous_2)
FNDA:0,(anonymous_3)
FNDA:0,(anonymous_4)
FNDA:0,(anonymous_5)
FNDA:0,(anonymous_6)
FNDA:0,(anonymous_7)
DA:2,0
DA:3,0
DA:4,0
DA:5,0
DA:15,0
DA:16,0
DA:18,0
DA:19,0
DA:20,0
DA:22,0
DA:23,0
DA:27,0
DA:28,0
DA:32,0
DA:33,0
DA:74,0
LF:16
LH:0
BRF:0
BRH:0
end_of_record
TN:
SF:src\layouts\HrLayout.tsx
FN:14,HrLayout
FN:17,(anonymous_2)
FN:18,(anonymous_3)
FN:18,(anonymous_4)
FN:20,(anonymous_5)
FN:24,(anonymous_6)
FN:29,(anonymous_7)
FNF:7
FNH:0
FNDA:0,HrLayout
FNDA:0,(anonymous_2)
FNDA:0,(anonymous_3)
FNDA:0,(anonymous_4)
FNDA:0,(anonymous_5)
FNDA:0,(anonymous_6)
FNDA:0,(anonymous_7)
DA:1,0
DA:2,0
DA:3,0
DA:4,0
DA:14,0
DA:15,0
DA:17,0
DA:18,0
DA:19,0
DA:20,0
DA:23,0
DA:24,0
DA:28,0
DA:29,0
DA:147,0
LF:15
LH:0
BRF:0
BRH:0
end_of_record
TN:
SF:src\layouts\ManagerLayout.tsx
FN:14,ManagerLayout
FN:17,(anonymous_2)
FN:18,(anonymous_3)
FN:18,(anonymous_4)
FN:20,(anonymous_5)
FN:24,(anonymous_6)
FN:29,(anonymous_7)
FNF:7
FNH:0
FNDA:0,ManagerLayout
FNDA:0,(anonymous_2)
FNDA:0,(anonymous_3)
FNDA:0,(anonymous_4)
FNDA:0,(anonymous_5)
FNDA:0,(anonymous_6)
FNDA:0,(anonymous_7)
DA:1,0
DA:2,0
DA:3,0
DA:4,0
DA:14,0
DA:15,0
DA:17,0
DA:18,0
DA:19,0
DA:20,0
DA:23,0
DA:24,0
DA:28,0
DA:29,0
DA:116,0
LF:15
LH:0
BRF:0
BRH:0
end_of_record
TN:
SF:src\layouts\SuperManagerLayout.tsx
FN:14,SuperManagerLayout
FN:17,(anonymous_2)
FN:18,(anonymous_3)
FN:18,(anonymous_4)
FN:20,(anonymous_5)
FN:24,(anonymous_6)
FN:29,(anonymous_7)
FNF:7
FNH:0
FNDA:0,SuperManagerLayout
FNDA:0,(anonymous_2)
FNDA:0,(anonymous_3)
FNDA:0,(anonymous_4)
FNDA:0,(anonymous_5)
FNDA:0,(anonymous_6)
FNDA:0,(anonymous_7)
DA:1,0
DA:2,0
DA:3,0
DA:4,0
DA:14,0
DA:15,0
DA:17,0
DA:18,0
DA:19,0
DA:20,0
DA:23,0
DA:24,0
DA:28,0
DA:29,0
DA:116,0
LF:15
LH:0
BRF:0
BRH:0
end_of_record
TN:
SF:src\pages\Forbidden.tsx
FN:4,Forbidden
FNF:1
FNH:0
FNDA:0,Forbidden
DA:2,0
DA:4,0
DA:5,0
LF:3
LH:0
BRF:0
BRH:0
end_of_record
TN:
SF:src\pages\LandingPage.tsx
FN:60,LandingPage
FN:64,(anonymous_2)
FN:65,(anonymous_3)
FN:66,(anonymous_4)
FN:69,(anonymous_5)
FN:74,(anonymous_6)
FN:148,(anonymous_7)
FN:178,(anonymous_8)
FNF:8
FNH:0
FNDA:0,LandingPage
FNDA:0,(anonymous_2)
FNDA:0,(anonymous_3)
FNDA:0,(anonymous_4)
FNDA:0,(anonymous_5)
FNDA:0,(anonymous_6)
FNDA:0,(anonymous_7)
FNDA:0,(anonymous_8)
DA:1,0
DA:2,0
DA:3,0
DA:4,0
DA:6,0
DA:38,0
DA:60,0
DA:61,0
DA:62,0
DA:64,0
DA:65,0
DA:66,0
DA:69,0
DA:72,0
DA:75,0
DA:149,0
DA:179,0
LF:17
LH:0
BRDA:77,0,0,0
BRDA:77,0,1,0
BRDA:151,1,0,0
BRDA:151,1,1,0
BRDA:153,2,0,0
BRDA:153,2,1,0
BRDA:181,3,0,0
BRDA:181,3,1,0
BRF:8
BRH:0
end_of_record
TN:
SF:src\pages\ai\TextCorrectionPage.tsx
FN:10,TextCorrectionPage
FN:16,(anonymous_1)
FN:49,(anonymous_2)
FN:53,(anonymous_3)
FN:55,(anonymous_4)
FN:80,(anonymous_5)
FN:112,(anonymous_6)
FN:132,(anonymous_7)
FN:154,(anonymous_8)
FN:175,buildSimpleDiff
FN:197,splitWords
FN:202,normalizeWord
FNF:12
FNH:0
FNDA:0,TextCorrectionPage
FNDA:0,(anonymous_1)
FNDA:0,(anonymous_2)
FNDA:0,(anonymous_3)
FNDA:0,(anonymous_4)
FNDA:0,(anonymous_5)
FNDA:0,(anonymous_6)
FNDA:0,(anonymous_7)
FNDA:0,(anonymous_8)
FNDA:0,buildSimpleDiff
FNDA:0,splitWords
FNDA:0,normalizeWord
DA:1,0
DA:2,0
DA:10,0
DA:11,0
DA:12,0
DA:13,0
DA:14,0
DA:16,0
DA:17,0
DA:18,0
DA:19,0
DA:20,0
DA:23,0
DA:24,0
DA:25,0
DA:26,0
DA:28,0
DA:36,0
DA:37,0
DA:40,0
DA:41,0
DA:43,0
DA:45,0
DA:49,0
DA:50,0
DA:53,0
DA:54,0
DA:56,0
DA:63,0
DA:80,0
DA:113,0
DA:133,0
DA:155,0
DA:176,0
DA:177,0
DA:179,0
DA:180,0
DA:182,0
DA:183,0
DA:184,0
DA:185,0
DA:187,0
DA:194,0
DA:198,0
DA:199,0
DA:203,0
LF:46
LH:0
BRDA:17,0,0,0
BRDA:17,0,1,0
BRDA:36,1,0,0
BRDA:36,1,1,0
BRDA:41,2,0,0
BRDA:41,2,1,0
BRDA:56,3,0,0
BRDA:56,3,1,0
BRDA:56,3,2,0
BRDA:56,3,3,0
BRDA:89,4,0,0
BRDA:89,4,1,0
BRDA:92,5,0,0
BRDA:92,5,1,0
BRDA:105,6,0,0
BRDA:105,6,1,0
BRDA:105,6,2,0
BRDA:111,7,0,0
BRDA:111,7,1,0
BRDA:115,8,0,0
BRDA:115,8,1,0
BRDA:117,9,0,0
BRDA:117,9,1,0
BRDA:131,10,0,0
BRDA:131,10,1,0
BRDA:135,11,0,0
BRDA:135,11,1,0
BRDA:137,12,0,0
BRDA:137,12,1,0
BRDA:137,12,2,0
BRDA:152,13,0,0
BRDA:152,13,1,0
BRDA:183,14,0,0
BRDA:183,14,1,0
BRDA:184,15,0,0
BRDA:184,15,1,0
BRDA:198,16,0,0
BRDA:198,16,1,0
BRF:38
BRH:0
end_of_record
TN:
SF:src\pages\audit\AuditHistoryPage.tsx
FN:19,humanizeKey
FN:22,(anonymous_1)
FN:27,formatWhen
FN:49,formatFullTimestamp
FN:67,actionTone
FN:77,isHiddenMetadataKey
FN:83,filterPublicMetadata
FN:93,MetadataBlock
FN:94,(anonymous_8)
FN:100,(anonymous_9)
FN:119,AuditHistoryPage
FN:131,(anonymous_11)
FN:136,(anonymous_12)
FN:138,(anonymous_13)
FN:139,(anonymous_14)
FN:146,(anonymous_15)
FN:152,(anonymous_16)
FN:153,(anonymous_17)
FN:154,(anonymous_18)
FN:157,(anonymous_19)
FN:161,(anonymous_20)
FN:163,(anonymous_21)
FN:183,(anonymous_22)
FN:197,(anonymous_23)
FN:220,(anonymous_24)
FN:231,(anonymous_25)
FN:240,(anonymous_26)
FN:273,(anonymous_27)
FN:281,(anonymous_28)
FN:313,(anonymous_29)
FN:313,(anonymous_30)
FN:317,(anonymous_31)
FN:317,(anonymous_32)
FN:322,(anonymous_33)
FN:331,(anonymous_34)
FN:331,(anonymous_35)
FN:344,(anonymous_36)
FNF:37
FNH:0
FNDA:0,humanizeKey
FNDA:0,(anonymous_1)
FNDA:0,formatWhen
FNDA:0,formatFullTimestamp
FNDA:0,actionTone
FNDA:0,isHiddenMetadataKey
FNDA:0,filterPublicMetadata
FNDA:0,MetadataBlock
FNDA:0,(anonymous_8)
FNDA:0,(anonymous_9)
FNDA:0,AuditHistoryPage
FNDA:0,(anonymous_11)
FNDA:0,(anonymous_12)
FNDA:0,(anonymous_13)
FNDA:0,(anonymous_14)
FNDA:0,(anonymous_15)
FNDA:0,(anonymous_16)
FNDA:0,(anonymous_17)
FNDA:0,(anonymous_18)
FNDA:0,(anonymous_19)
FNDA:0,(anonymous_20)
FNDA:0,(anonymous_21)
FNDA:0,(anonymous_22)
FNDA:0,(anonymous_23)
FNDA:0,(anonymous_24)
FNDA:0,(anonymous_25)
FNDA:0,(anonymous_26)
FNDA:0,(anonymous_27)
FNDA:0,(anonymous_28)
FNDA:0,(anonymous_29)
FNDA:0,(anonymous_30)
FNDA:0,(anonymous_31)
FNDA:0,(anonymous_32)
FNDA:0,(anonymous_33)
FNDA:0,(anonymous_34)
FNDA:0,(anonymous_35)
FNDA:0,(anonymous_36)
DA:1,0
DA:2,0
DA:7,0
DA:9,0
DA:20,0
DA:22,0
DA:28,0
DA:29,0
DA:30,0
DA:31,0
DA:45,0
DA:50,0
DA:51,0
DA:52,0
DA:62,0
DA:68,0
DA:69,0
DA:70,0
DA:71,0
DA:72,0
DA:73,0
DA:78,0
DA:79,0
DA:80,0
DA:86,0
DA:87,0
DA:88,0
DA:90,0
DA:94,0
DA:95,0
DA:96,0
DA:98,0
DA:101,0
DA:119,0
DA:120,0
DA:121,0
DA:122,0
DA:123,0
DA:124,0
DA:125,0
DA:126,0
DA:127,0
DA:128,0
DA:130,0
DA:132,0
DA:136,0
DA:138,0
DA:139,0
DA:140,0
DA:142,0
DA:143,0
DA:144,0
DA:146,0
DA:147,0
DA:148,0
DA:152,0
DA:153,0
DA:154,0
DA:157,0
DA:158,0
DA:161,0
DA:162,0
DA:163,0
DA:164,0
DA:165,0
DA:166,0
DA:167,0
DA:173,0
DA:174,0
DA:176,0
DA:177,0
DA:180,0
DA:183,0
DA:184,0
DA:188,0
DA:190,0
DA:194,0
DA:195,0
DA:196,0
DA:197,0
DA:198,0
DA:199,0
DA:200,0
DA:202,0
DA:203,0
DA:205,0
DA:220,0
DA:232,0
DA:240,0
DA:274,0
DA:275,0
DA:276,0
DA:281,0
DA:313,0
DA:317,0
DA:318,0
DA:322,0
DA:331,0
DA:345,0
LF:99
LH:0
BRDA:28,0,0,0
BRDA:28,0,1,0
BRDA:50,1,0,0
BRDA:50,1,1,0
BRDA:68,2,0,0
BRDA:68,2,1,0
BRDA:69,3,0,0
BRDA:69,3,1,0
BRDA:70,4,0,0
BRDA:70,4,1,0
BRDA:71,5,0,0
BRDA:71,5,1,0
BRDA:71,6,0,0
BRDA:71,6,1,0
BRDA:79,7,0,0
BRDA:79,7,1,0
BRDA:79,8,0,0
BRDA:79,8,1,0
BRDA:87,9,0,0
BRDA:87,9,1,0
BRDA:88,10,0,0
BRDA:88,10,1,0
BRDA:88,11,0,0
BRDA:88,11,1,0
BRDA:95,12,0,0
BRDA:95,12,1,0
BRDA:104,13,0,0
BRDA:104,13,1,0
BRDA:104,14,0,0
BRDA:104,14,1,0
BRDA:104,14,2,0
BRDA:104,14,3,0
BRDA:110,15,0,0
BRDA:110,15,1,0
BRDA:140,16,0,0
BRDA:140,16,1,0
BRDA:142,17,0,0
BRDA:142,17,1,0
BRDA:170,18,0,0
BRDA:170,18,1,0
BRDA:173,19,0,0
BRDA:173,19,1,0
BRDA:174,20,0,0
BRDA:174,20,1,0
BRDA:176,21,0,0
BRDA:176,21,1,0
BRDA:177,22,0,0
BRDA:177,22,1,0
BRDA:180,23,0,0
BRDA:180,23,1,0
BRDA:188,24,0,0
BRDA:188,24,1,0
BRDA:190,25,0,0
BRDA:190,25,1,0
BRDA:191,26,0,0
BRDA:191,26,1,0
BRDA:194,27,0,0
BRDA:194,27,1,0
BRDA:202,28,0,0
BRDA:202,28,1,0
BRDA:236,29,0,0
BRDA:236,29,1,0
BRDA:249,30,0,0
BRDA:249,30,1,0
BRDA:255,31,0,0
BRDA:255,31,1,0
BRDA:260,32,0,0
BRDA:260,32,1,0
BRDA:263,33,0,0
BRDA:263,33,1,0
BRDA:266,34,0,0
BRDA:266,34,1,0
BRDA:275,35,0,0
BRDA:275,35,1,0
BRDA:290,36,0,0
BRDA:290,36,1,0
BRDA:303,37,0,0
BRDA:303,37,1,0
BRDA:303,38,0,0
BRDA:303,38,1,0
BRDA:321,39,0,0
BRDA:321,39,1,0
BRDA:340,40,0,0
BRDA:340,40,1,0
BRDA:345,41,0,0
BRDA:345,41,1,0
BRDA:381,42,0,0
BRDA:381,42,1,0
BRDA:389,43,0,0
BRDA:389,43,1,0
BRF:90
BRH:0
end_of_record
TN:
SF:src\pages\auth\AccountPending.tsx
FN:9,AccountPending
FNF:1
FNH:0
FNDA:0,AccountPending
DA:2,0
DA:3,0
DA:4,0
DA:5,0
DA:7,0
DA:9,0
DA:10,0
LF:7
LH:0
BRF:0
BRH:0
end_of_record
TN:
SF:src\pages\auth\AuthLayout.tsx
FN:5,AuthLayout
FNF:1
FNH:0
FNDA:0,AuthLayout
DA:2,0
DA:3,0
DA:5,0
DA:6,0
LF:4
LH:0
BRF:0
BRH:0
end_of_record
TN:
SF:src\pages\auth\CompleteProfile.tsx
FN:16,redirectByRole
FN:24,CompleteProfile
FN:38,(anonymous_3)
FN:47,(anonymous_4)
FN:50,(anonymous_5)
FN:53,onSubmit
FN:111,(anonymous_7)
FN:121,(anonymous_8)
FN:132,(anonymous_9)
FN:136,(anonymous_10)
FN:149,(anonymous_11)
FNF:11
FNH:0
FNDA:0,redirectByRole
FNDA:0,CompleteProfile
FNDA:0,(anonymous_3)
FNDA:0,(anonymous_4)
FNDA:0,(anonymous_5)
FNDA:0,onSubmit
FNDA:0,(anonymous_7)
FNDA:0,(anonymous_8)
FNDA:0,(anonymous_9)
FNDA:0,(anonymous_10)
FNDA:0,(anonymous_11)
DA:1,0
DA:2,0
DA:3,0
DA:4,0
DA:5,0
DA:6,0
DA:7,0
DA:9,0
DA:17,0
DA:18,0
DA:19,0
DA:20,0
DA:21,0
DA:24,0
DA:25,0
DA:26,0
DA:27,0
DA:29,0
DA:30,0
DA:31,0
DA:32,0
DA:33,0
DA:34,0
DA:35,0
DA:38,0
DA:39,0
DA:40,0
DA:41,0
DA:44,0
DA:47,0
DA:48,0
DA:50,0
DA:54,0
DA:55,0
DA:56,0
DA:58,0
DA:59,0
DA:67,0
DA:68,0
DA:70,0
DA:72,0
DA:74,0
DA:78,0
DA:111,0
DA:121,0
DA:132,0
DA:137,0
DA:149,0
LF:48
LH:0
BRDA:17,0,0,0
BRDA:17,0,1,0
BRDA:18,1,0,0
BRDA:18,1,1,0
BRDA:19,2,0,0
BRDA:19,2,1,0
BRDA:20,3,0,0
BRDA:20,3,1,0
BRDA:39,4,0,0
BRDA:39,4,1,0
BRDA:72,5,0,0
BRDA:72,5,1,0
BRDA:103,6,0,0
BRDA:103,6,1,0
BRDA:155,7,0,0
BRDA:155,7,1,0
BRF:16
BRH:0
end_of_record
TN:
SF:src\pages\auth\ForgotPassword.tsx
FN:11,ForgotPassword
FN:19,(anonymous_11)
FN:20,(anonymous_12)
FN:21,(anonymous_13)
FN:24,(anonymous_14)
FN:27,onSubmit
FN:52,(anonymous_16)
FN:93,(anonymous_17)
FNF:8
FNH:0
FNDA:0,ForgotPassword
FNDA:0,(anonymous_11)
FNDA:0,(anonymous_12)
FNDA:0,(anonymous_13)
FNDA:0,(anonymous_14)
FNDA:0,onSubmit
FNDA:0,(anonymous_16)
FNDA:0,(anonymous_17)
DA:2,0
DA:3,0
DA:4,0
DA:5,0
DA:6,0
DA:7,0
DA:9,0
DA:11,0
DA:12,0
DA:13,0
DA:14,0
DA:15,0
DA:16,0
DA:17,0
DA:19,0
DA:20,0
DA:21,0
DA:24,0
DA:28,0
DA:29,0
DA:30,0
DA:31,0
DA:33,0
DA:34,0
DA:35,0
DA:37,0
DA:39,0
DA:41,0
DA:44,0
DA:46,0
DA:50,0
DA:53,0
DA:93,0
LF:33
LH:0
BRDA:37,0,0,0
BRDA:37,0,1,0
BRDA:39,1,0,0
BRDA:39,1,1,0
BRDA:39,1,2,0
BRDA:39,1,3,0
BRDA:41,2,0,0
BRDA:41,2,1,0
BRDA:55,3,0,0
BRDA:55,3,1,0
BRDA:81,4,0,0
BRDA:81,4,1,0
BRDA:82,5,0,0
BRDA:82,5,1,0
BRDA:88,6,0,0
BRDA:88,6,1,0
BRDA:101,7,0,0
BRDA:101,7,1,0
BRF:18
BRH:0
end_of_record
TN:
SF:src\pages\auth\Login.tsx
FN:10,redirectByRole
FN:19,clearSession
FN:24,Login
FN:39,(anonymous_4)
FN:54,(anonymous_5)
FN:55,(anonymous_6)
FN:56,(anonymous_7)
FN:59,(anonymous_8)
FN:62,onSubmit
FN:87,onVerifyTwoFactor
FN:112,(anonymous_11)
FN:144,(anonymous_12)
FN:166,(anonymous_13)
FN:177,(anonymous_14)
FN:191,(anonymous_15)
FN:191,(anonymous_16)
FN:198,(anonymous_17)
FN:213,(anonymous_18)
FN:225,(anonymous_19)
FNF:19
FNH:0
FNDA:0,redirectByRole
FNDA:0,clearSession
FNDA:0,Login
FNDA:0,(anonymous_4)
FNDA:0,(anonymous_5)
FNDA:0,(anonymous_6)
FNDA:0,(anonymous_7)
FNDA:0,(anonymous_8)
FNDA:0,onSubmit
FNDA:0,onVerifyTwoFactor
FNDA:0,(anonymous_11)
FNDA:0,(anonymous_12)
FNDA:0,(anonymous_13)
FNDA:0,(anonymous_14)
FNDA:0,(anonymous_15)
FNDA:0,(anonymous_16)
FNDA:0,(anonymous_17)
FNDA:0,(anonymous_18)
FNDA:0,(anonymous_19)
DA:2,0
DA:3,0
DA:4,0
DA:5,0
DA:6,0
DA:7,0
DA:8,0
DA:9,0
DA:11,0
DA:13,0
DA:14,0
DA:15,0
DA:16,0
DA:20,0
DA:21,0
DA:24,0
DA:25,0
DA:26,0
DA:27,0
DA:28,0
DA:30,0
DA:31,0
DA:32,0
DA:33,0
DA:34,0
DA:35,0
DA:36,0
DA:39,0
DA:40,0
DA:41,0
DA:43,0
DA:44,0
DA:46,0
DA:47,0
DA:48,0
DA:50,0
DA:54,0
DA:55,0
DA:56,0
DA:59,0
DA:63,0
DA:64,0
DA:65,0
DA:67,0
DA:68,0
DA:69,0
DA:70,0
DA:71,0
DA:72,0
DA:73,0
DA:76,0
DA:77,0
DA:79,0
DA:81,0
DA:83,0
DA:88,0
DA:89,0
DA:90,0
DA:91,0
DA:92,0
DA:97,0
DA:98,0
DA:99,0
DA:100,0
DA:102,0
DA:104,0
DA:108,0
DA:110,0
DA:113,0
DA:145,0
DA:146,0
DA:147,0
DA:148,0
DA:166,0
DA:177,0
DA:191,0
DA:199,0
DA:200,0
DA:201,0
DA:202,0
DA:213,0
DA:225,0
LF:82
LH:0
BRDA:11,0,0,0
BRDA:11,0,1,0
BRDA:13,1,0,0
BRDA:13,1,1,0
BRDA:13,2,0,0
BRDA:13,2,1,0
BRDA:14,3,0,0
BRDA:14,3,1,0
BRDA:15,4,0,0
BRDA:15,4,1,0
BRDA:41,5,0,0
BRDA:41,5,1,0
BRDA:44,6,0,0
BRDA:44,6,1,0
BRDA:69,7,0,0
BRDA:69,7,1,0
BRDA:81,8,0,0
BRDA:81,8,1,0
BRDA:94,9,0,0
BRDA:94,9,1,0
BRDA:95,10,0,0
BRDA:95,10,1,0
BRDA:102,11,0,0
BRDA:102,11,1,0
BRDA:115,12,0,0
BRDA:115,12,1,0
BRDA:140,13,0,0
BRDA:140,13,1,0
BRDA:155,14,0,0
BRDA:155,14,1,0
BRDA:157,15,0,0
BRDA:157,15,1,0
BRDA:160,16,0,0
BRDA:160,16,1,0
BRDA:162,17,0,0
BRDA:162,17,1,0
BRDA:185,18,0,0
BRDA:185,18,1,0
BRDA:193,19,0,0
BRDA:193,19,1,0
BRDA:238,20,0,0
BRDA:238,20,1,0
BRF:42
BRH:0
end_of_record
TN:
SF:src\pages\auth\ResetPassword.tsx
FN:12,ResetPassword
FN:25,(anonymous_2)
FN:29,(anonymous_3)
FN:30,(anonymous_4)
FN:31,(anonymous_5)
FN:34,(anonymous_6)
FN:37,onSubmit
FN:53,(anonymous_8)
FN:64,(anonymous_9)
FN:106,(anonymous_10)
FN:117,(anonymous_11)
FNF:11
FNH:0
FNDA:0,ResetPassword
FNDA:0,(anonymous_2)
FNDA:0,(anonymous_3)
FNDA:0,(anonymous_4)
FNDA:0,(anonymous_5)
FNDA:0,(anonymous_6)
FNDA:0,onSubmit
FNDA:0,(anonymous_8)
FNDA:0,(anonymous_9)
FNDA:0,(anonymous_10)
FNDA:0,(anonymous_11)
DA:3,0
DA:4,0
DA:5,0
DA:6,0
DA:7,0
DA:8,0
DA:10,0
DA:12,0
DA:13,0
DA:14,0
DA:15,0
DA:16,0
DA:18,0
DA:19,0
DA:20,0
DA:21,0
DA:22,0
DA:23,0
DA:25,0
DA:26,0
DA:29,0
DA:30,0
DA:31,0
DA:34,0
DA:38,0
DA:39,0
DA:40,0
DA:41,0
DA:42,0
DA:44,0
DA:45,0
DA:46,0
DA:49,0
DA:50,0
DA:51,0
DA:52,0
DA:53,0
DA:55,0
DA:56,0
DA:58,0
DA:62,0
DA:65,0
DA:106,0
DA:117,0
LF:44
LH:0
BRDA:16,0,0,0
BRDA:16,0,1,0
BRDA:26,1,0,0
BRDA:26,1,1,0
BRDA:40,2,0,0
BRDA:40,2,1,0
BRDA:44,3,0,0
BRDA:44,3,1,0
BRDA:55,4,0,0
BRDA:55,4,1,0
BRDA:67,5,0,0
BRDA:67,5,1,0
BRDA:92,6,0,0
BRDA:92,6,1,0
BRDA:95,7,0,0
BRDA:95,7,1,0
BRDA:96,8,0,0
BRDA:96,8,1,0
BRDA:100,9,0,0
BRDA:100,9,1,0
BRDA:125,10,0,0
BRDA:125,10,1,0
BRF:22
BRH:0
end_of_record
TN:
SF:src\pages\auth\Signup.tsx
FN:20,Signup
FN:46,(anonymous_2)
FN:47,(anonymous_3)
FN:64,(anonymous_4)
FN:65,(anonymous_5)
FN:66,(anonymous_6)
FN:69,(anonymous_7)
FN:72,normalizeError
FN:90,onSubmit
FN:142,(anonymous_10)
FN:183,(anonymous_11)
FN:197,(anonymous_12)
FN:204,(anonymous_13)
FN:218,(anonymous_14)
FN:228,(anonymous_15)
FN:240,(anonymous_16)
FN:250,(anonymous_17)
FN:261,(anonymous_18)
FNF:18
FNH:0
FNDA:0,Signup
FNDA:0,(anonymous_2)
FNDA:0,(anonymous_3)
FNDA:0,(anonymous_4)
FNDA:0,(anonymous_5)
FNDA:0,(anonymous_6)
FNDA:0,(anonymous_7)
FNDA:0,normalizeError
FNDA:0,onSubmit
FNDA:0,(anonymous_10)
FNDA:0,(anonymous_11)
FNDA:0,(anonymous_12)
FNDA:0,(anonymous_13)
FNDA:0,(anonymous_14)
FNDA:0,(anonymous_15)
FNDA:0,(anonymous_16)
FNDA:0,(anonymous_17)
FNDA:0,(anonymous_18)
DA:2,0
DA:3,0
DA:4,0
DA:5,0
DA:6,0
DA:7,0
DA:8,0
DA:10,0
DA:20,0
DA:21,0
DA:22,0
DA:29,0
DA:30,0
DA:31,0
DA:32,0
DA:34,0
DA:35,0
DA:36,0
DA:38,0
DA:39,0
DA:40,0
DA:42,0
DA:43,0
DA:44,0
DA:46,0
DA:47,0
DA:48,0
DA:49,0
DA:50,0
DA:51,0
DA:52,0
DA:54,0
DA:55,0
DA:57,0
DA:61,0
DA:64,0
DA:65,0
DA:66,0
DA:69,0
DA:73,0
DA:75,0
DA:76,0
DA:79,0
DA:80,0
DA:83,0
DA:84,0
DA:87,0
DA:91,0
DA:92,0
DA:94,0
DA:95,0
DA:96,0
DA:97,0
DA:99,0
DA:100,0
DA:101,0
DA:104,0
DA:105,0
DA:106,0
DA:109,0
DA:110,0
DA:111,0
DA:114,0
DA:115,0
DA:116,0
DA:119,0
DA:121,0
DA:122,0
DA:132,0
DA:134,0
DA:136,0
DA:140,0
DA:143,0
DA:183,0
DA:197,0
DA:205,0
DA:218,0
DA:228,0
DA:240,0
DA:250,0
DA:261,0
LF:81
LH:0
BRDA:54,0,0,0
BRDA:54,0,1,0
BRDA:75,1,0,0
BRDA:75,1,1,0
BRDA:79,2,0,0
BRDA:79,2,1,0
BRDA:83,3,0,0
BRDA:83,3,1,0
BRDA:99,4,0,0
BRDA:99,4,1,0
BRDA:104,5,0,0
BRDA:104,5,1,0
BRDA:109,6,0,0
BRDA:109,6,1,0
BRDA:114,7,0,0
BRDA:114,7,1,0
BRDA:126,8,0,0
BRDA:126,8,1,0
BRDA:145,9,0,0
BRDA:145,9,1,0
BRDA:175,10,0,0
BRDA:175,10,1,0
BRDA:191,11,0,0
BRDA:191,11,1,0
BRDA:199,12,0,0
BRDA:199,12,1,0
BRDA:202,13,0,0
BRDA:202,13,1,0
BRDA:269,14,0,0
BRDA:269,14,1,0
BRF:30
BRH:0
end_of_record
TN:
SF:src\pages\employee\CvUpload.tsx
FN:17,isPdf
FN:21,pickFirst
FN:26,getLink
FN:37,extractPdfText
FN:46,(anonymous_14)
FN:53,CvUploadClientOnly
FN:60,(anonymous_16)
FN:62,onExtract
FN:83,(anonymous_18)
FN:115,(anonymous_19)
FN:158,(anonymous_20)
FN:158,(anonymous_21)
FN:189,Row
FNF:13
FNH:0
FNDA:0,isPdf
FNDA:0,pickFirst
FNDA:0,getLink
FNDA:0,extractPdfText
FNDA:0,(anonymous_14)
FNDA:0,CvUploadClientOnly
FNDA:0,(anonymous_16)
FNDA:0,onExtract
FNDA:0,(anonymous_18)
FNDA:0,(anonymous_19)
FNDA:0,(anonymous_20)
FNDA:0,(anonymous_21)
FNDA:0,Row
DA:1,0
DA:2,0
DA:3,0
DA:6,0
DA:18,0
DA:22,0
DA:23,0
DA:27,0
DA:28,0
DA:29,0
DA:30,0
DA:38,0
DA:39,0
DA:41,0
DA:43,0
DA:44,0
DA:45,0
DA:46,0
DA:47,0
DA:50,0
DA:53,0
DA:54,0
DA:55,0
DA:56,0
DA:57,0
DA:58,0
DA:60,0
DA:63,0
DA:64,0
DA:65,0
DA:66,0
DA:68,0
DA:69,0
DA:71,0
DA:72,0
DA:73,0
DA:75,0
DA:76,0
DA:77,0
DA:80,0
DA:81,0
DA:83,0
DA:84,0
DA:86,0
DA:87,0
DA:89,0
DA:91,0
DA:93,0
DA:97,0
DA:116,0
DA:117,0
DA:118,0
DA:119,0
DA:120,0
DA:122,0
DA:123,0
DA:158,0
DA:190,0
LF:58
LH:0
BRDA:18,0,0,0
BRDA:18,0,1,0
BRDA:27,1,0,0
BRDA:27,1,1,0
BRDA:29,2,0,0
BRDA:29,2,1,0
BRDA:68,3,0,0
BRDA:68,3,1,0
BRDA:69,4,0,0
BRDA:69,4,1,0
BRDA:75,5,0,0
BRDA:75,5,1,0
BRDA:83,6,0,0
BRDA:83,6,1,0
BRDA:84,7,0,0
BRDA:84,7,1,0
BRDA:91,8,0,0
BRDA:91,8,1,0
BRDA:104,9,0,0
BRDA:104,9,1,0
BRDA:116,10,0,0
BRDA:116,10,1,0
BRDA:117,11,0,0
BRDA:117,11,1,0
BRDA:117,12,0,0
BRDA:117,12,1,0
BRDA:128,13,0,0
BRDA:128,13,1,0
BRDA:132,14,0,0
BRDA:132,14,1,0
BRDA:146,15,0,0
BRDA:146,15,1,0
BRDA:147,16,0,0
BRDA:147,16,1,0
BRDA:148,17,0,0
BRDA:148,17,1,0
BRDA:149,18,0,0
BRDA:149,18,1,0
BRDA:150,19,0,0
BRDA:150,19,1,0
BRDA:153,20,0,0
BRDA:153,20,1,0
BRDA:161,21,0,0
BRDA:161,21,1,0
BRDA:164,22,0,0
BRDA:164,22,1,0
BRF:46
BRH:0
end_of_record
TN:
SF:src\pages\employee\EmployeeActivityArchivePage.tsx
FN:7,formatDate
FN:16,formatStatus
FN:21,EmployeeActivityArchivePage
FN:28,(anonymous_3)
FN:29,(anonymous_4)
FN:30,(anonymous_5)
FN:33,(anonymous_6)
FN:35,(anonymous_7)
FN:52,(anonymous_8)
FN:76,(anonymous_9)
FN:94,(anonymous_10)
FNF:11
FNH:0
FNDA:0,formatDate
FNDA:0,formatStatus
FNDA:0,EmployeeActivityArchivePage
FNDA:0,(anonymous_3)
FNDA:0,(anonymous_4)
FNDA:0,(anonymous_5)
FNDA:0,(anonymous_6)
FNDA:0,(anonymous_7)
FNDA:0,(anonymous_8)
FNDA:0,(anonymous_9)
FNDA:0,(anonymous_10)
DA:1,0
DA:2,0
DA:3,0
DA:5,0
DA:8,0
DA:9,0
DA:10,0
DA:12,0
DA:17,0
DA:18,0
DA:21,0
DA:22,0
DA:23,0
DA:24,0
DA:25,0
DA:26,0
DA:28,0
DA:29,0
DA:30,0
DA:33,0
DA:34,0
DA:35,0
DA:36,0
DA:37,0
DA:38,0
DA:39,0
DA:43,0
DA:45,0
DA:46,0
DA:49,0
DA:52,0
DA:53,0
DA:57,0
DA:76,0
DA:95,0
LF:35
LH:0
BRDA:8,0,0,0
BRDA:8,0,1,0
BRDA:17,1,0,0
BRDA:17,1,1,0
BRDA:41,2,0,0
BRDA:41,2,1,0
BRDA:43,3,0,0
BRDA:43,3,1,0
BRDA:43,4,0,0
BRDA:43,4,1,0
BRDA:45,5,0,0
BRDA:45,5,1,0
BRDA:46,6,0,0
BRDA:46,6,1,0
BRDA:49,7,0,0
BRDA:49,7,1,0
BRDA:82,8,0,0
BRDA:82,8,1,0
BRDA:84,9,0,0
BRDA:84,9,1,0
BRDA:86,10,0,0
BRDA:86,10,1,0
BRDA:88,11,0,0
BRDA:88,11,1,0
BRDA:98,12,0,0
BRDA:98,12,1,0
BRDA:100,13,0,0
BRDA:100,13,1,0
BRDA:101,14,0,0
BRDA:101,14,1,0
BRF:30
BRH:0
end_of_record
TN:
SF:src\pages\employee\EmployeeActivityInvitationDetailPage.tsx
FN:11,formatDate
FN:20,EmployeeActivityInvitationDetailPage
FN:31,(anonymous_2)
FN:34,(anonymous_3)
FN:55,(anonymous_4)
FN:64,(anonymous_5)
FN:78,(anonymous_6)
FN:191,(anonymous_7)
FN:226,(anonymous_8)
FN:243,(anonymous_9)
FN:252,(anonymous_10)
FNF:11
FNH:0
FNDA:0,formatDate
FNDA:0,EmployeeActivityInvitationDetailPage
FNDA:0,(anonymous_2)
FNDA:0,(anonymous_3)
FNDA:0,(anonymous_4)
FNDA:0,(anonymous_5)
FNDA:0,(anonymous_6)
FNDA:0,(anonymous_7)
FNDA:0,(anonymous_8)
FNDA:0,(anonymous_9)
FNDA:0,(anonymous_10)
DA:1,0
DA:2,0
DA:3,0
DA:7,0
DA:9,0
DA:12,0
DA:13,0
DA:14,0
DA:16,0
DA:20,0
DA:21,0
DA:22,0
DA:23,0
DA:24,0
DA:25,0
DA:26,0
DA:27,0
DA:28,0
DA:29,0
DA:31,0
DA:32,0
DA:33,0
DA:34,0
DA:35,0
DA:36,0
DA:37,0
DA:38,0
DA:39,0
DA:40,0
DA:41,0
DA:42,0
DA:43,0
DA:45,0
DA:48,0
DA:49,0
DA:52,0
DA:55,0
DA:56,0
DA:60,0
DA:61,0
DA:62,0
DA:64,0
DA:65,0
DA:66,0
DA:67,0
DA:68,0
DA:69,0
DA:70,0
DA:72,0
DA:74,0
DA:78,0
DA:79,0
DA:80,0
DA:81,0
DA:82,0
DA:83,0
DA:85,0
DA:86,0
DA:87,0
DA:88,0
DA:92,0
DA:94,0
DA:96,0
DA:100,0
DA:101,0
DA:110,0
DA:111,0
DA:120,0
DA:122,0
DA:192,0
DA:227,0
DA:228,0
DA:243,0
DA:253,0
DA:254,0
DA:255,0
LF:76
LH:0
BRDA:12,0,0,0
BRDA:12,0,1,0
BRDA:21,1,0,0
BRDA:32,2,0,0
BRDA:32,2,1,0
BRDA:39,3,0,0
BRDA:39,3,1,0
BRDA:43,4,0,0
BRDA:43,4,1,0
BRDA:43,5,0,0
BRDA:43,5,1,0
BRDA:45,6,0,0
BRDA:45,6,1,0
BRDA:48,7,0,0
BRDA:48,7,1,0
BRDA:49,8,0,0
BRDA:49,8,1,0
BRDA:52,9,0,0
BRDA:52,9,1,0
BRDA:65,10,0,0
BRDA:65,10,1,0
BRDA:65,11,0,0
BRDA:65,11,1,0
BRDA:72,12,0,0
BRDA:72,12,1,0
BRDA:79,13,0,0
BRDA:79,13,1,0
BRDA:79,14,0,0
BRDA:79,14,1,0
BRDA:81,15,0,0
BRDA:81,15,1,0
BRDA:94,16,0,0
BRDA:94,16,1,0
BRDA:100,17,0,0
BRDA:100,17,1,0
BRDA:110,18,0,0
BRDA:110,18,1,0
BRDA:110,19,0,0
BRDA:110,19,1,0
BRDA:120,20,0,0
BRDA:120,20,1,0
BRDA:120,21,0,0
BRDA:120,21,1,0
BRDA:125,22,0,0
BRDA:125,22,1,0
BRDA:142,23,0,0
BRDA:142,23,1,0
BRDA:154,24,0,0
BRDA:154,24,1,0
BRDA:168,25,0,0
BRDA:168,25,1,0
BRDA:176,26,0,0
BRDA:176,26,1,0
BRDA:180,27,0,0
BRDA:180,27,1,0
BRDA:187,28,0,0
BRDA:187,28,1,0
BRDA:193,29,0,0
BRDA:193,29,1,0
BRDA:194,30,0,0
BRDA:194,30,1,0
BRDA:201,31,0,0
BRDA:201,31,1,0
BRDA:201,32,0,0
BRDA:201,32,1,0
BRDA:204,33,0,0
BRDA:204,33,1,0
BRDA:211,34,0,0
BRDA:211,34,1,0
BRDA:219,35,0,0
BRDA:219,35,1,0
BRDA:221,36,0,0
BRDA:221,36,1,0
BRDA:266,37,0,0
BRDA:266,37,1,0
BRF:75
BRH:0
end_of_record
TN:
SF:src\pages\employee\EmployeeActivityInvitationsPage.tsx
FN:10,formatDate
FN:19,EmployeeActivityInvitationsPage
FN:27,(anonymous_2)
FN:28,(anonymous_3)
FN:29,(anonymous_4)
FN:32,(anonymous_5)
FN:34,(anonymous_6)
FN:51,(anonymous_7)
FN:74,(anonymous_8)
FN:85,(anonymous_9)
FN:94,(anonymous_10)
FN:114,(anonymous_11)
FNF:12
FNH:0
FNDA:0,formatDate
FNDA:0,EmployeeActivityInvitationsPage
FNDA:0,(anonymous_2)
FNDA:0,(anonymous_3)
FNDA:0,(anonymous_4)
FNDA:0,(anonymous_5)
FNDA:0,(anonymous_6)
FNDA:0,(anonymous_7)
FNDA:0,(anonymous_8)
FNDA:0,(anonymous_9)
FNDA:0,(anonymous_10)
FNDA:0,(anonymous_11)
DA:1,0
DA:2,0
DA:3,0
DA:8,0
DA:11,0
DA:12,0
DA:13,0
DA:15,0
DA:19,0
DA:20,0
DA:21,0
DA:22,0
DA:23,0
DA:24,0
DA:25,0
DA:27,0
DA:28,0
DA:29,0
DA:32,0
DA:33,0
DA:34,0
DA:35,0
DA:36,0
DA:37,0
DA:38,0
DA:42,0
DA:44,0
DA:45,0
DA:48,0
DA:51,0
DA:52,0
DA:56,0
DA:58,0
DA:74,0
DA:86,0
DA:94,0
DA:115,0
LF:37
LH:0
BRDA:11,0,0,0
BRDA:11,0,1,0
BRDA:39,1,0,0
BRDA:39,1,1,0
BRDA:42,2,0,0
BRDA:42,2,1,0
BRDA:42,3,0,0
BRDA:42,3,1,0
BRDA:44,4,0,0
BRDA:44,4,1,0
BRDA:45,5,0,0
BRDA:45,5,1,0
BRDA:48,6,0,0
BRDA:48,6,1,0
BRDA:56,7,0,0
BRDA:56,7,1,0
BRDA:90,8,0,0
BRDA:90,8,1,0
BRDA:102,9,0,0
BRDA:102,9,1,0
BRDA:104,10,0,0
BRDA:104,10,1,0
BRDA:106,11,0,0
BRDA:106,11,1,0
BRDA:108,12,0,0
BRDA:108,12,1,0
BRDA:119,13,0,0
BRDA:119,13,1,0
BRDA:122,14,0,0
BRDA:122,14,1,0
BRDA:127,15,0,0
BRDA:127,15,1,0
BRDA:127,16,0,0
BRDA:127,16,1,0
BRF:34
BRH:0
end_of_record
TN:
SF:src\pages\employee\skills\MySkillsPage.tsx
FN:28,MySkillsPage
FN:48,(anonymous_1)
FN:49,(anonymous_2)
FN:82,(anonymous_3)
FN:86,(anonymous_4)
FN:98,(anonymous_5)
FN:104,(anonymous_6)
FN:114,(anonymous_7)
FN:127,(anonymous_8)
FN:142,(anonymous_9)
FN:151,(anonymous_10)
FN:156,(anonymous_11)
FN:166,(anonymous_12)
FN:204,(anonymous_13)
FN:233,(anonymous_14)
FN:278,(anonymous_15)
FN:344,(anonymous_16)
FN:344,(anonymous_17)
FN:349,(anonymous_18)
FN:349,(anonymous_19)
FN:354,(anonymous_20)
FN:364,(anonymous_21)
FN:364,(anonymous_22)
FN:377,(anonymous_23)
FN:406,(anonymous_24)
FN:416,(anonymous_25)
FN:431,(anonymous_26)
FN:445,(anonymous_27)
FN:457,(anonymous_28)
FNF:29
FNH:0
FNDA:0,MySkillsPage
FNDA:0,(anonymous_1)
FNDA:0,(anonymous_2)
FNDA:0,(anonymous_3)
FNDA:0,(anonymous_4)
FNDA:0,(anonymous_5)
FNDA:0,(anonymous_6)
FNDA:0,(anonymous_7)
FNDA:0,(anonymous_8)
FNDA:0,(anonymous_9)
FNDA:0,(anonymous_10)
FNDA:0,(anonymous_11)
FNDA:0,(anonymous_12)
FNDA:0,(anonymous_13)
FNDA:0,(anonymous_14)
FNDA:0,(anonymous_15)
FNDA:0,(anonymous_16)
FNDA:0,(anonymous_17)
FNDA:0,(anonymous_18)
FNDA:0,(anonymous_19)
FNDA:0,(anonymous_20)
FNDA:0,(anonymous_21)
FNDA:0,(anonymous_22)
FNDA:0,(anonymous_23)
FNDA:0,(anonymous_24)
FNDA:0,(anonymous_25)
FNDA:0,(anonymous_26)
FNDA:0,(anonymous_27)
FNDA:0,(anonymous_28)
DA:1,0
DA:2,0
DA:21,0
DA:26,0
DA:28,0
DA:29,0
DA:30,0
DA:31,0
DA:32,0
DA:33,0
DA:35,0
DA:36,0
DA:37,0
DA:39,0
DA:41,0
DA:42,0
DA:43,0
DA:44,0
DA:46,0
DA:48,0
DA:49,0
DA:50,0
DA:51,0
DA:52,0
DA:54,0
DA:56,0
DA:57,0
DA:59,0
DA:60,0
DA:61,0
DA:62,0
DA:65,0
DA:66,0
DA:68,0
DA:70,0
DA:72,0
DA:73,0
DA:75,0
DA:79,0
DA:82,0
DA:83,0
DA:84,0
DA:86,0
DA:87,0
DA:98,0
DA:99,0
DA:102,0
DA:104,0
DA:105,0
DA:106,0
DA:107,0
DA:111,0
DA:112,0
DA:114,0
DA:115,0
DA:117,0
DA:119,0
DA:121,0
DA:123,0
DA:127,0
DA:128,0
DA:130,0
DA:132,0
DA:134,0
DA:136,0
DA:138,0
DA:142,0
DA:143,0
DA:144,0
DA:145,0
DA:146,0
DA:147,0
DA:148,0
DA:151,0
DA:152,0
DA:153,0
DA:156,0
DA:157,0
DA:158,0
DA:159,0
DA:160,0
DA:162,0
DA:166,0
DA:167,0
DA:169,0
DA:170,0
DA:171,0
DA:174,0
DA:175,0
DA:176,0
DA:179,0
DA:180,0
DA:181,0
DA:184,0
DA:185,0
DA:186,0
DA:190,0
DA:204,0
DA:205,0
DA:207,0
DA:208,0
DA:210,0
DA:214,0
DA:233,0
DA:279,0
DA:344,0
DA:349,0
DA:350,0
DA:354,0
DA:364,0
DA:377,0
DA:406,0
DA:417,0
DA:431,0
DA:445,0
DA:457,0
LF:116
LH:0
BRDA:46,0,0,0
BRDA:46,0,1,0
BRDA:54,1,0,0
BRDA:54,1,1,0
BRDA:54,1,2,0
BRDA:59,2,0,0
BRDA:59,2,1,0
BRDA:68,3,0,0
BRDA:68,3,1,0
BRDA:84,4,0,0
BRDA:84,4,1,0
BRDA:88,5,0,0
BRDA:88,5,1,0
BRDA:88,5,2,0
BRDA:88,5,3,0
BRDA:88,5,4,0
BRDA:88,5,5,0
BRDA:88,6,0,0
BRDA:88,6,1,0
BRDA:89,7,0,0
BRDA:89,7,1,0
BRDA:90,8,0,0
BRDA:90,8,1,0
BRDA:91,9,0,0
BRDA:91,9,1,0
BRDA:92,10,0,0
BRDA:92,10,1,0
BRDA:93,11,0,0
BRDA:93,11,1,0
BRDA:111,12,0,0
BRDA:111,12,1,0
BRDA:115,13,0,0
BRDA:115,13,1,0
BRDA:115,13,2,0
BRDA:115,13,3,0
BRDA:128,14,0,0
BRDA:128,14,1,0
BRDA:128,14,2,0
BRDA:128,14,3,0
BRDA:128,14,4,0
BRDA:157,15,0,0
BRDA:157,15,1,0
BRDA:167,16,0,0
BRDA:167,16,1,0
BRDA:167,16,2,0
BRDA:169,17,0,0
BRDA:169,17,1,0
BRDA:174,18,0,0
BRDA:174,18,1,0
BRDA:179,19,0,0
BRDA:179,19,1,0
BRDA:195,20,0,0
BRDA:195,20,1,0
BRDA:239,21,0,0
BRDA:239,21,1,0
BRDA:265,22,0,0
BRDA:265,22,1,0
BRDA:271,23,0,0
BRDA:271,23,1,0
BRDA:282,24,0,0
BRDA:282,24,1,0
BRDA:284,25,0,0
BRDA:284,25,1,0
BRDA:286,26,0,0
BRDA:286,26,1,0
BRDA:302,27,0,0
BRDA:302,27,1,0
BRDA:310,28,0,0
BRDA:310,28,1,0
BRDA:317,29,0,0
BRDA:317,29,1,0
BRDA:322,30,0,0
BRDA:322,30,1,0
BRDA:338,31,0,0
BRDA:338,31,1,0
BRDA:353,32,0,0
BRDA:353,32,1,0
BRDA:373,33,0,0
BRDA:373,33,1,0
BRDA:394,34,0,0
BRDA:394,34,1,0
BRDA:479,35,0,0
BRDA:479,35,1,0
BRF:83
BRH:0
end_of_record
TN:
SF:src\pages\hr\AccountManagementPage.tsx
FN:12,normalizeApprovalStatus
FN:24,formatDate
FN:31,byNewest
FN:37,getDepartmentIdFromUser
FN:52,initialsFromName
FN:56,(anonymous_5)
FN:62,StatusPill
FN:87,DetailsRow
FN:96,AccountDetailsModal
FN:203,RequestCard
FN:275,(anonymous_10)
FN:286,(anonymous_11)
FN:295,(anonymous_12)
FN:307,Section
FN:349,(anonymous_14)
FN:366,(anonymous_15)
FN:382,AccountManagementPage
FN:395,(anonymous_17)
FN:415,(anonymous_18)
FN:419,(anonymous_19)
FN:421,(anonymous_20)
FN:422,(anonymous_21)
FN:426,(anonymous_22)
FN:428,(anonymous_23)
FN:433,(anonymous_24)
FN:435,(anonymous_25)
FN:440,(anonymous_26)
FN:442,(anonymous_27)
FN:448,(anonymous_28)
FN:465,(anonymous_29)
FN:466,(anonymous_30)
FN:470,(anonymous_31)
FN:482,(anonymous_32)
FN:489,(anonymous_33)
FN:490,(anonymous_34)
FN:546,(anonymous_35)
FN:547,(anonymous_36)
FN:559,(anonymous_37)
FN:560,(anonymous_38)
FN:572,(anonymous_39)
FN:573,(anonymous_40)
FN:583,(anonymous_41)
FNF:42
FNH:0
FNDA:0,normalizeApprovalStatus
FNDA:0,formatDate
FNDA:0,byNewest
FNDA:0,getDepartmentIdFromUser
FNDA:0,initialsFromName
FNDA:0,(anonymous_5)
FNDA:0,StatusPill
FNDA:0,DetailsRow
FNDA:0,AccountDetailsModal
FNDA:0,RequestCard
FNDA:0,(anonymous_10)
FNDA:0,(anonymous_11)
FNDA:0,(anonymous_12)
FNDA:0,Section
FNDA:0,(anonymous_14)
FNDA:0,(anonymous_15)
FNDA:0,AccountManagementPage
FNDA:0,(anonymous_17)
FNDA:0,(anonymous_18)
FNDA:0,(anonymous_19)
FNDA:0,(anonymous_20)
FNDA:0,(anonymous_21)
FNDA:0,(anonymous_22)
FNDA:0,(anonymous_23)
FNDA:0,(anonymous_24)
FNDA:0,(anonymous_25)
FNDA:0,(anonymous_26)
FNDA:0,(anonymous_27)
FNDA:0,(anonymous_28)
FNDA:0,(anonymous_29)
FNDA:0,(anonymous_30)
FNDA:0,(anonymous_31)
FNDA:0,(anonymous_32)
FNDA:0,(anonymous_33)
FNDA:0,(anonymous_34)
FNDA:0,(anonymous_35)
FNDA:0,(anonymous_36)
FNDA:0,(anonymous_37)
FNDA:0,(anonymous_38)
FNDA:0,(anonymous_39)
FNDA:0,(anonymous_40)
FNDA:0,(anonymous_41)
DA:1,0
DA:2,0
DA:8,0
DA:14,0
DA:17,0
DA:18,0
DA:19,0
DA:20,0
DA:21,0
DA:25,0
DA:26,0
DA:27,0
DA:28,0
DA:32,0
DA:33,0
DA:34,0
DA:38,0
DA:39,0
DA:40,0
DA:42,0
DA:43,0
DA:45,0
DA:46,0
DA:47,0
DA:49,0
DA:53,0
DA:56,0
DA:63,0
DA:69,0
DA:70,0
DA:88,0
DA:105,0
DA:106,0
DA:216,0
DA:217,0
DA:219,0
DA:275,0
DA:286,0
DA:295,0
DA:332,0
DA:333,0
DA:335,0
DA:349,0
DA:367,0
DA:382,0
DA:383,0
DA:384,0
DA:385,0
DA:386,0
DA:387,0
DA:388,0
DA:389,0
DA:395,0
DA:396,0
DA:397,0
DA:398,0
DA:399,0
DA:400,0
DA:401,0
DA:402,0
DA:403,0
DA:404,0
DA:406,0
DA:407,0
DA:409,0
DA:411,0
DA:415,0
DA:416,0
DA:419,0
DA:420,0
DA:421,0
DA:422,0
DA:425,0
DA:427,0
DA:428,0
DA:432,0
DA:434,0
DA:435,0
DA:439,0
DA:441,0
DA:442,0
DA:447,0
DA:449,0
DA:454,0
DA:456,0
DA:457,0
DA:459,0
DA:460,0
DA:461,0
DA:463,0
DA:465,0
DA:466,0
DA:467,0
DA:470,0
DA:471,0
DA:474,0
DA:476,0
DA:482,0
DA:483,0
DA:484,0
DA:485,0
DA:486,0
DA:489,0
DA:490,0
DA:493,0
DA:546,0
DA:547,0
DA:559,0
DA:560,0
DA:572,0
DA:573,0
DA:583,0
LF:112
LH:0
BRDA:14,0,0,0
BRDA:14,0,1,0
BRDA:14,1,0,0
BRDA:14,1,1,0
BRDA:14,1,2,0
BRDA:18,2,0,0
BRDA:18,2,1,0
BRDA:19,3,0,0
BRDA:19,3,1,0
BRDA:20,4,0,0
BRDA:20,4,1,0
BRDA:25,5,0,0
BRDA:25,5,1,0
BRDA:27,6,0,0
BRDA:27,6,1,0
BRDA:32,7,0,0
BRDA:32,7,1,0
BRDA:33,8,0,0
BRDA:33,8,1,0
BRDA:39,9,0,0
BRDA:39,9,1,0
BRDA:39,10,0,0
BRDA:39,10,1,0
BRDA:42,11,0,0
BRDA:42,11,1,0
BRDA:42,12,0,0
BRDA:42,12,1,0
BRDA:45,13,0,0
BRDA:45,13,1,0
BRDA:45,14,0,0
BRDA:45,14,1,0
BRDA:47,15,0,0
BRDA:47,15,1,0
BRDA:47,16,0,0
BRDA:47,16,1,0
BRDA:53,17,0,0
BRDA:53,17,1,0
BRDA:91,18,0,0
BRDA:91,18,1,0
BRDA:166,19,0,0
BRDA:166,19,1,0
BRDA:167,20,0,0
BRDA:167,20,1,0
BRDA:175,21,0,0
BRDA:175,21,1,0
BRDA:249,22,0,0
BRDA:249,22,1,0
BRDA:251,23,0,0
BRDA:251,23,1,0
BRDA:266,24,0,0
BRDA:266,24,1,0
BRDA:281,25,0,0
BRDA:281,25,1,0
BRDA:298,26,0,0
BRDA:298,26,1,0
BRDA:332,27,0,0
BRDA:332,27,1,0
BRDA:344,28,0,0
BRDA:344,28,1,0
BRDA:351,29,0,0
BRDA:351,29,1,0
BRDA:356,30,0,0
BRDA:356,30,1,0
BRDA:401,31,0,0
BRDA:401,31,1,0
BRDA:402,32,0,0
BRDA:402,32,1,0
BRDA:403,33,0,0
BRDA:403,33,1,0
BRDA:404,34,0,0
BRDA:404,34,1,0
BRDA:404,35,0,0
BRDA:404,35,1,0
BRDA:406,36,0,0
BRDA:406,36,1,0
BRDA:409,37,0,0
BRDA:409,37,1,0
BRDA:421,38,0,0
BRDA:421,38,1,0
BRDA:450,39,0,0
BRDA:450,39,1,0
BRDA:454,40,0,0
BRDA:454,40,1,0
BRDA:460,41,0,0
BRDA:460,41,1,0
BRDA:467,42,0,0
BRDA:467,42,1,0
BRDA:471,43,0,0
BRDA:471,43,1,0
BRDA:474,44,0,0
BRDA:474,44,1,0
BRDA:483,45,0,0
BRDA:483,45,1,0
BRDA:485,46,0,0
BRDA:485,46,1,0
BRDA:486,47,0,0
BRDA:486,47,1,0
BRDA:503,48,0,0
BRDA:503,48,1,0
BRDA:525,49,0,0
BRDA:525,49,1,0
BRDA:579,50,0,0
BRDA:579,50,1,0
BRF:103
BRH:0
end_of_record
TN:
SF:src\pages\hr\ActivitiesManagement.tsx
FN:162,(anonymous_9)
FN:310,(anonymous_10)
FN:313,canDeleteActivity
FN:317,(anonymous_12)
FN:372,toActivityCreationTimestamp
FN:394,(anonymous_14)
FN:403,(anonymous_15)
FN:405,(anonymous_16)
FN:411,(anonymous_17)
FN:417,(anonymous_18)
FN:423,ActivitiesManagement
FN:464,(anonymous_20)
FN:465,(anonymous_21)
FN:492,(anonymous_22)
FN:492,(anonymous_23)
FN:496,(anonymous_24)
FN:499,(anonymous_25)
FN:506,(anonymous_26)
FN:509,(anonymous_27)
FN:516,(anonymous_28)
FN:518,(anonymous_29)
FN:522,(anonymous_30)
FN:524,(anonymous_31)
FN:528,(anonymous_32)
FN:532,(anonymous_33)
FN:546,(anonymous_34)
FN:555,(anonymous_35)
FN:563,(anonymous_36)
FN:572,(anonymous_37)
FN:579,(anonymous_38)
FN:583,(anonymous_39)
FN:605,(anonymous_40)
FN:613,(anonymous_41)
FN:637,(anonymous_42)
FN:644,(anonymous_43)
FN:651,(anonymous_44)
FN:652,(anonymous_45)
FN:657,(anonymous_46)
FN:658,(anonymous_47)
FN:658,(anonymous_48)
FN:660,(anonymous_49)
FN:661,(anonymous_50)
FN:661,(anonymous_51)
FN:663,(anonymous_52)
FN:681,(anonymous_53)
FN:714,(anonymous_54)
FN:714,(anonymous_55)
FN:719,(anonymous_56)
FN:751,(anonymous_57)
FN:763,(anonymous_58)
FN:787,(anonymous_59)
FN:802,(anonymous_60)
FN:809,(anonymous_61)
FN:809,(anonymous_62)
FN:819,(anonymous_63)
FN:832,(anonymous_64)
FN:832,(anonymous_65)
FN:843,(anonymous_66)
FN:863,(anonymous_67)
FN:872,(anonymous_68)
FN:873,(anonymous_69)
FN:946,(anonymous_70)
FN:975,(anonymous_71)
FN:987,(anonymous_72)
FN:1001,(anonymous_73)
FN:1014,(anonymous_74)
FN:1029,(anonymous_75)
FN:1049,(anonymous_76)
FN:1053,(anonymous_77)
FN:1086,(anonymous_78)
FN:1110,(anonymous_79)
FN:1153,(anonymous_80)
FN:1206,(anonymous_81)
FN:1211,(anonymous_82)
FN:1236,(anonymous_83)
FN:1268,(anonymous_84)
FN:1316,(anonymous_85)
FN:1329,(anonymous_86)
FN:1334,(anonymous_87)
FN:1378,(anonymous_88)
FN:1389,(anonymous_89)
FN:1421,(anonymous_90)
FN:1421,(anonymous_91)
FN:1430,(anonymous_92)
FN:1431,(anonymous_93)
FN:1437,(anonymous_94)
FN:1452,(anonymous_95)
FN:1453,(anonymous_96)
FN:1518,(anonymous_97)
FN:1523,(anonymous_98)
FN:1526,(anonymous_99)
FN:1536,(anonymous_100)
FN:1542,(anonymous_101)
FN:1556,(anonymous_102)
FN:1565,(anonymous_103)
FN:1595,(anonymous_104)
FN:1596,(anonymous_105)
FN:1610,(anonymous_106)
FN:1610,(anonymous_107)
FN:1620,(anonymous_108)
FN:1624,(anonymous_109)
FN:1639,(anonymous_110)
FN:1643,(anonymous_111)
FN:1674,(anonymous_112)
FN:1674,(anonymous_113)
FN:1683,(anonymous_114)
FN:1684,(anonymous_115)
FN:1692,(anonymous_116)
FN:1705,(anonymous_117)
FN:1706,(anonymous_118)
FN:1716,(anonymous_119)
FN:1744,(anonymous_120)
FN:1745,(anonymous_121)
FN:1751,(anonymous_122)
FN:1764,(anonymous_123)
FN:1765,(anonymous_124)
FN:1771,(anonymous_125)
FN:1815,(anonymous_126)
FN:1817,(anonymous_127)
FN:1833,(anonymous_128)
FN:1834,(anonymous_129)
FN:1842,(anonymous_130)
FN:1855,(anonymous_131)
FN:1856,(anonymous_132)
FN:1866,(anonymous_133)
FN:1879,(anonymous_134)
FN:1898,(anonymous_135)
FN:1900,(anonymous_136)
FN:1952,(anonymous_137)
FN:2033,(anonymous_138)
FN:2064,(anonymous_139)
FN:2066,(anonymous_140)
FN:2094,(anonymous_141)
FN:2103,(anonymous_142)
FNF:134
FNH:0
FNDA:0,(anonymous_9)
FNDA:0,(anonymous_10)
FNDA:0,canDeleteActivity
FNDA:0,(anonymous_12)
FNDA:0,toActivityCreationTimestamp
FNDA:0,(anonymous_14)
FNDA:0,(anonymous_15)
FNDA:0,(anonymous_16)
FNDA:0,(anonymous_17)
FNDA:0,(anonymous_18)
FNDA:0,ActivitiesManagement
FNDA:0,(anonymous_20)
FNDA:0,(anonymous_21)
FNDA:0,(anonymous_22)
FNDA:0,(anonymous_23)
FNDA:0,(anonymous_24)
FNDA:0,(anonymous_25)
FNDA:0,(anonymous_26)
FNDA:0,(anonymous_27)
FNDA:0,(anonymous_28)
FNDA:0,(anonymous_29)
FNDA:0,(anonymous_30)
FNDA:0,(anonymous_31)
FNDA:0,(anonymous_32)
FNDA:0,(anonymous_33)
FNDA:0,(anonymous_34)
FNDA:0,(anonymous_35)
FNDA:0,(anonymous_36)
FNDA:0,(anonymous_37)
FNDA:0,(anonymous_38)
FNDA:0,(anonymous_39)
FNDA:0,(anonymous_40)
FNDA:0,(anonymous_41)
FNDA:0,(anonymous_42)
FNDA:0,(anonymous_43)
FNDA:0,(anonymous_44)
FNDA:0,(anonymous_45)
FNDA:0,(anonymous_46)
FNDA:0,(anonymous_47)
FNDA:0,(anonymous_48)
FNDA:0,(anonymous_49)
FNDA:0,(anonymous_50)
FNDA:0,(anonymous_51)
FNDA:0,(anonymous_52)
FNDA:0,(anonymous_53)
FNDA:0,(anonymous_54)
FNDA:0,(anonymous_55)
FNDA:0,(anonymous_56)
FNDA:0,(anonymous_57)
FNDA:0,(anonymous_58)
FNDA:0,(anonymous_59)
FNDA:0,(anonymous_60)
FNDA:0,(anonymous_61)
FNDA:0,(anonymous_62)
FNDA:0,(anonymous_63)
FNDA:0,(anonymous_64)
FNDA:0,(anonymous_65)
FNDA:0,(anonymous_66)
FNDA:0,(anonymous_67)
FNDA:0,(anonymous_68)
FNDA:0,(anonymous_69)
FNDA:0,(anonymous_70)
FNDA:0,(anonymous_71)
FNDA:0,(anonymous_72)
FNDA:0,(anonymous_73)
FNDA:0,(anonymous_74)
FNDA:0,(anonymous_75)
FNDA:0,(anonymous_76)
FNDA:0,(anonymous_77)
FNDA:0,(anonymous_78)
FNDA:0,(anonymous_79)
FNDA:0,(anonymous_80)
FNDA:0,(anonymous_81)
FNDA:0,(anonymous_82)
FNDA:0,(anonymous_83)
FNDA:0,(anonymous_84)
FNDA:0,(anonymous_85)
FNDA:0,(anonymous_86)
FNDA:0,(anonymous_87)
FNDA:0,(anonymous_88)
FNDA:0,(anonymous_89)
FNDA:0,(anonymous_90)
FNDA:0,(anonymous_91)
FNDA:0,(anonymous_92)
FNDA:0,(anonymous_93)
FNDA:0,(anonymous_94)
FNDA:0,(anonymous_95)
FNDA:0,(anonymous_96)
FNDA:0,(anonymous_97)
FNDA:0,(anonymous_98)
FNDA:0,(anonymous_99)
FNDA:0,(anonymous_100)
FNDA:0,(anonymous_101)
FNDA:0,(anonymous_102)
FNDA:0,(anonymous_103)
FNDA:0,(anonymous_104)
FNDA:0,(anonymous_105)
FNDA:0,(anonymous_106)
FNDA:0,(anonymous_107)
FNDA:0,(anonymous_108)
FNDA:0,(anonymous_109)
FNDA:0,(anonymous_110)
FNDA:0,(anonymous_111)
FNDA:0,(anonymous_112)
FNDA:0,(anonymous_113)
FNDA:0,(anonymous_114)
FNDA:0,(anonymous_115)
FNDA:0,(anonymous_116)
FNDA:0,(anonymous_117)
FNDA:0,(anonymous_118)
FNDA:0,(anonymous_119)
FNDA:0,(anonymous_120)
FNDA:0,(anonymous_121)
FNDA:0,(anonymous_122)
FNDA:0,(anonymous_123)
FNDA:0,(anonymous_124)
FNDA:0,(anonymous_125)
FNDA:0,(anonymous_126)
FNDA:0,(anonymous_127)
FNDA:0,(anonymous_128)
FNDA:0,(anonymous_129)
FNDA:0,(anonymous_130)
FNDA:0,(anonymous_131)
FNDA:0,(anonymous_132)
FNDA:0,(anonymous_133)
FNDA:0,(anonymous_134)
FNDA:0,(anonymous_135)
FNDA:0,(anonymous_136)
FNDA:0,(anonymous_137)
FNDA:0,(anonymous_138)
FNDA:0,(anonymous_139)
FNDA:0,(anonymous_140)
FNDA:0,(anonymous_141)
FNDA:0,(anonymous_142)
DA:1,0
DA:2,0
DA:3,0
DA:14,0
DA:15,0
DA:33,0
DA:34,0
DA:39,0
DA:163,0
DA:290,0
DA:297,0
DA:298,0
DA:303,0
DA:310,0
DA:311,0
DA:314,0
DA:317,0
DA:318,0
DA:319,0
DA:320,0
DA:321,0
DA:323,0
DA:324,0
DA:325,0
DA:326,0
DA:327,0
DA:328,0
DA:330,0
DA:333,0
DA:373,0
DA:374,0
DA:375,0
DA:376,0
DA:379,0
DA:394,0
DA:395,0
DA:403,0
DA:405,0
DA:406,0
DA:407,0
DA:408,0
DA:411,0
DA:412,0
DA:413,0
DA:414,0
DA:417,0
DA:418,0
DA:419,0
DA:420,0
DA:423,0
DA:424,0
DA:425,0
DA:427,0
DA:428,0
DA:429,0
DA:430,0
DA:431,0
DA:433,0
DA:434,0
DA:435,0
DA:436,0
DA:437,0
DA:439,0
DA:440,0
DA:441,0
DA:443,0
DA:444,0
DA:445,0
DA:446,0
DA:447,0
DA:448,0
DA:449,0
DA:450,0
DA:454,0
DA:455,0
DA:456,0
DA:458,0
DA:459,0
DA:460,0
DA:461,0
DA:462,0
DA:464,0
DA:465,0
DA:466,0
DA:467,0
DA:468,0
DA:470,0
DA:477,0
DA:478,0
DA:479,0
DA:480,0
DA:482,0
DA:484,0
DA:488,0
DA:491,0
DA:492,0
DA:496,0
DA:497,0
DA:498,0
DA:500,0
DA:506,0
DA:507,0
DA:508,0
DA:510,0
DA:516,0
DA:517,0
DA:518,0
DA:519,0
DA:522,0
DA:523,0
DA:524,0
DA:525,0
DA:528,0
DA:529,0
DA:530,0
DA:533,0
DA:546,0
DA:551,0
DA:554,0
DA:555,0
DA:556,0
DA:557,0
DA:558,0
DA:560,0
DA:563,0
DA:569,0
DA:571,0
DA:572,0
DA:573,0
DA:574,0
DA:575,0
DA:576,0
DA:579,0
DA:580,0
DA:583,0
DA:584,0
DA:585,0
DA:593,0
DA:594,0
DA:602,0
DA:605,0
DA:606,0
DA:609,0
DA:613,0
DA:614,0
DA:615,0
DA:618,0
DA:620,0
DA:637,0
DA:638,0
DA:639,0
DA:640,0
DA:641,0
DA:644,0
DA:645,0
DA:646,0
DA:647,0
DA:648,0
DA:651,0
DA:652,0
DA:657,0
DA:658,0
DA:660,0
DA:661,0
DA:663,0
DA:664,0
DA:665,0
DA:666,0
DA:667,0
DA:668,0
DA:669,0
DA:670,0
DA:672,0
DA:673,0
DA:674,0
DA:676,0
DA:677,0
DA:678,0
DA:681,0
DA:682,0
DA:683,0
DA:684,0
DA:686,0
DA:687,0
DA:688,0
DA:689,0
DA:692,0
DA:708,0
DA:709,0
DA:712,0
DA:713,0
DA:714,0
DA:715,0
DA:716,0
DA:718,0
DA:719,0
DA:720,0
DA:723,0
DA:724,0
DA:725,0
DA:729,0
DA:730,0
DA:731,0
DA:740,0
DA:741,0
DA:742,0
DA:743,0
DA:745,0
DA:747,0
DA:751,0
DA:752,0
DA:753,0
DA:754,0
DA:755,0
DA:757,0
DA:758,0
DA:760,0
DA:763,0
DA:764,0
DA:765,0
DA:766,0
DA:768,0
DA:783,0
DA:784,0
DA:785,0
DA:786,0
DA:787,0
DA:794,0
DA:795,0
DA:796,0
DA:799,0
DA:802,0
DA:803,0
DA:804,0
DA:805,0
DA:807,0
DA:808,0
DA:809,0
DA:810,0
DA:811,0
DA:813,0
DA:815,0
DA:819,0
DA:820,0
DA:822,0
DA:823,0
DA:824,0
DA:826,0
DA:827,0
DA:832,0
DA:833,0
DA:834,0
DA:835,0
DA:837,0
DA:839,0
DA:843,0
DA:844,0
DA:846,0
DA:863,0
DA:864,0
DA:865,0
DA:866,0
DA:868,0
DA:872,0
DA:874,0
DA:875,0
DA:876,0
DA:947,0
DA:976,0
DA:977,0
DA:988,0
DA:989,0
DA:1002,0
DA:1003,0
DA:1015,0
DA:1016,0
DA:1029,0
DA:1030,0
DA:1031,0
DA:1032,0
DA:1033,0
DA:1034,0
DA:1037,0
DA:1038,0
DA:1043,0
DA:1044,0
DA:1047,0
DA:1048,0
DA:1049,0
DA:1050,0
DA:1053,0
DA:1054,0
DA:1055,0
DA:1056,0
DA:1058,0
DA:1061,0
DA:1062,0
DA:1063,0
DA:1064,0
DA:1065,0
DA:1066,0
DA:1067,0
DA:1068,0
DA:1069,0
DA:1070,0
DA:1072,0
DA:1073,0
DA:1076,0
DA:1077,0
DA:1078,0
DA:1079,0
DA:1081,0
DA:1086,0
DA:1103,0
DA:1104,0
DA:1106,0
DA:1110,0
DA:1111,0
DA:1112,0
DA:1114,0
DA:1115,0
DA:1116,0
DA:1117,0
DA:1118,0
DA:1122,0
DA:1124,0
DA:1128,0
DA:1154,0
DA:1155,0
DA:1156,0
DA:1157,0
DA:1158,0
DA:1159,0
DA:1160,0
DA:1206,0
DA:1211,0
DA:1237,0
DA:1238,0
DA:1239,0
DA:1241,0
DA:1268,0
DA:1316,0
DA:1329,0
DA:1334,0
DA:1378,0
DA:1389,0
DA:1421,0
DA:1431,0
DA:1438,0
DA:1453,0
DA:1519,0
DA:1523,0
DA:1527,0
DA:1537,0
DA:1543,0
DA:1557,0
DA:1558,0
DA:1565,0
DA:1596,0
DA:1610,0
DA:1621,0
DA:1622,0
DA:1623,0
DA:1624,0
DA:1640,0
DA:1641,0
DA:1642,0
DA:1643,0
DA:1674,0
DA:1684,0
DA:1693,0
DA:1706,0
DA:1717,0
DA:1745,0
DA:1752,0
DA:1765,0
DA:1772,0
DA:1815,0
DA:1817,0
DA:1834,0
DA:1843,0
DA:1856,0
DA:1867,0
DA:1879,0
DA:1898,0
DA:1900,0
DA:1952,0
DA:2034,0
DA:2064,0
DA:2066,0
DA:2094,0
DA:2103,0
LF:392
LH:0
BRDA:314,0,0,0
BRDA:314,0,1,0
BRDA:314,0,2,0
BRDA:318,1,0,0
BRDA:318,1,1,0
BRDA:318,2,0,0
BRDA:318,2,1,0
BRDA:321,3,0,0
BRDA:321,3,1,0
BRDA:327,4,0,0
BRDA:327,4,1,0
BRDA:327,5,0,0
BRDA:327,5,1,0
BRDA:373,6,0,0
BRDA:373,6,1,0
BRDA:374,7,0,0
BRDA:374,7,1,0
BRDA:375,8,0,0
BRDA:375,8,1,0
BRDA:376,9,0,0
BRDA:376,9,1,0
BRDA:395,10,0,0
BRDA:395,10,1,0
BRDA:403,11,0,0
BRDA:403,11,1,0
BRDA:408,12,0,0
BRDA:408,12,1,0
BRDA:414,13,0,0
BRDA:414,13,1,0
BRDA:420,14,0,0
BRDA:420,14,1,0
BRDA:461,15,0,0
BRDA:461,15,1,0
BRDA:462,16,0,0
BRDA:462,16,1,0
BRDA:477,17,0,0
BRDA:477,17,1,0
BRDA:477,18,0,0
BRDA:477,18,1,0
BRDA:478,19,0,0
BRDA:478,19,1,0
BRDA:478,20,0,0
BRDA:478,20,1,0
BRDA:479,21,0,0
BRDA:479,21,1,0
BRDA:479,22,0,0
BRDA:479,22,1,0
BRDA:480,23,0,0
BRDA:480,23,1,0
BRDA:480,24,0,0
BRDA:480,24,1,0
BRDA:482,25,0,0
BRDA:482,25,1,0
BRDA:492,26,0,0
BRDA:492,26,1,0
BRDA:492,27,0,0
BRDA:492,27,1,0
BRDA:497,28,0,0
BRDA:497,28,1,0
BRDA:500,29,0,0
BRDA:500,29,1,0
BRDA:500,30,0,0
BRDA:500,30,1,0
BRDA:501,31,0,0
BRDA:501,31,1,0
BRDA:502,32,0,0
BRDA:502,32,1,0
BRDA:502,33,0,0
BRDA:502,33,1,0
BRDA:507,34,0,0
BRDA:507,34,1,0
BRDA:510,35,0,0
BRDA:510,35,1,0
BRDA:510,36,0,0
BRDA:510,36,1,0
BRDA:511,37,0,0
BRDA:511,37,1,0
BRDA:512,38,0,0
BRDA:512,38,1,0
BRDA:512,39,0,0
BRDA:512,39,1,0
BRDA:518,40,0,0
BRDA:518,40,1,0
BRDA:524,41,0,0
BRDA:524,41,1,0
BRDA:530,42,0,0
BRDA:530,42,1,0
BRDA:541,43,0,0
BRDA:541,43,1,0
BRDA:541,44,0,0
BRDA:541,44,1,0
BRDA:542,45,0,0
BRDA:542,45,1,0
BRDA:542,46,0,0
BRDA:542,46,1,0
BRDA:558,47,0,0
BRDA:558,47,1,0
BRDA:573,48,0,0
BRDA:573,48,1,0
BRDA:574,49,0,0
BRDA:574,49,1,0
BRDA:580,50,0,0
BRDA:580,50,1,0
BRDA:580,51,0,0
BRDA:580,51,1,0
BRDA:587,52,0,0
BRDA:587,52,1,0
BRDA:588,53,0,0
BRDA:588,53,1,0
BRDA:593,54,0,0
BRDA:593,54,1,0
BRDA:597,55,0,0
BRDA:597,55,1,0
BRDA:606,56,0,0
BRDA:606,56,1,0
BRDA:606,57,0,0
BRDA:606,57,1,0
BRDA:609,58,0,0
BRDA:609,58,1,0
BRDA:611,59,0,0
BRDA:611,59,1,0
BRDA:611,60,0,0
BRDA:611,60,1,0
BRDA:614,61,0,0
BRDA:614,61,1,0
BRDA:622,62,0,0
BRDA:622,62,1,0
BRDA:661,63,0,0
BRDA:661,63,1,0
BRDA:664,64,0,0
BRDA:664,64,1,0
BRDA:665,65,0,0
BRDA:665,65,1,0
BRDA:666,66,0,0
BRDA:666,66,1,0
BRDA:667,67,0,0
BRDA:667,67,1,0
BRDA:668,68,0,0
BRDA:668,68,1,0
BRDA:669,69,0,0
BRDA:669,69,1,0
BRDA:669,70,0,0
BRDA:669,70,1,0
BRDA:669,70,2,0
BRDA:672,71,0,0
BRDA:672,71,1,0
BRDA:673,72,0,0
BRDA:673,72,1,0
BRDA:673,73,0,0
BRDA:673,73,1,0
BRDA:676,74,0,0
BRDA:676,74,1,0
BRDA:677,75,0,0
BRDA:677,75,1,0
BRDA:687,76,0,0
BRDA:687,76,1,0
BRDA:702,77,0,0
BRDA:702,77,1,0
BRDA:703,78,0,0
BRDA:703,78,1,0
BRDA:712,79,0,0
BRDA:712,79,1,0
BRDA:714,80,0,0
BRDA:714,80,1,0
BRDA:723,81,0,0
BRDA:723,81,1,0
BRDA:730,82,0,0
BRDA:730,82,1,0
BRDA:745,83,0,0
BRDA:745,83,1,0
BRDA:777,84,0,0
BRDA:777,84,1,0
BRDA:778,85,0,0
BRDA:778,85,1,0
BRDA:813,86,0,0
BRDA:813,86,1,0
BRDA:820,87,0,0
BRDA:820,87,1,0
BRDA:828,88,0,0
BRDA:828,88,1,0
BRDA:829,89,0,0
BRDA:829,89,1,0
BRDA:832,90,0,0
BRDA:832,90,1,0
BRDA:837,91,0,0
BRDA:837,91,1,0
BRDA:844,92,0,0
BRDA:844,92,1,0
BRDA:844,93,0,0
BRDA:844,93,1,0
BRDA:852,94,0,0
BRDA:852,94,1,0
BRDA:853,95,0,0
BRDA:853,95,1,0
BRDA:856,96,0,0
BRDA:856,96,1,0
BRDA:857,97,0,0
BRDA:857,97,1,0
BRDA:864,98,0,0
BRDA:864,98,1,0
BRDA:865,99,0,0
BRDA:865,99,1,0
BRDA:865,100,0,0
BRDA:865,100,1,0
BRDA:866,101,0,0
BRDA:866,101,1,0
BRDA:866,102,0,0
BRDA:866,102,1,0
BRDA:944,103,0,0
BRDA:944,103,1,0
BRDA:951,104,0,0
BRDA:951,104,1,0
BRDA:1010,105,0,0
BRDA:1010,105,1,0
BRDA:1033,106,0,0
BRDA:1033,106,1,0
BRDA:1043,107,0,0
BRDA:1043,107,1,0
BRDA:1056,108,0,0
BRDA:1056,108,1,0
BRDA:1072,109,0,0
BRDA:1072,109,1,0
BRDA:1077,110,0,0
BRDA:1077,110,1,0
BRDA:1078,111,0,0
BRDA:1078,111,1,0
BRDA:1079,112,0,0
BRDA:1079,112,1,0
BRDA:1081,113,0,0
BRDA:1081,113,1,0
BRDA:1082,114,0,0
BRDA:1082,114,1,0
BRDA:1082,115,0,0
BRDA:1082,115,1,0
BRDA:1090,116,0,0
BRDA:1090,116,1,0
BRDA:1090,117,0,0
BRDA:1090,117,1,0
BRDA:1103,118,0,0
BRDA:1103,118,1,0
BRDA:1103,119,0,0
BRDA:1103,119,1,0
BRDA:1112,120,0,0
BRDA:1112,120,1,0
BRDA:1122,121,0,0
BRDA:1122,121,1,0
BRDA:1222,122,0,0
BRDA:1222,122,1,0
BRDA:1224,123,0,0
BRDA:1224,123,1,0
BRDA:1237,124,0,0
BRDA:1237,124,1,0
BRDA:1238,125,0,0
BRDA:1238,125,1,0
BRDA:1239,126,0,0
BRDA:1239,126,1,0
BRDA:1263,127,0,0
BRDA:1263,127,1,0
BRDA:1275,128,0,0
BRDA:1275,128,1,0
BRDA:1286,129,0,0
BRDA:1286,129,1,0
BRDA:1301,130,0,0
BRDA:1301,130,1,0
BRDA:1327,131,0,0
BRDA:1327,131,1,0
BRDA:1329,132,0,0
BRDA:1329,132,1,0
BRDA:1357,133,0,0
BRDA:1357,133,1,0
BRDA:1360,134,0,0
BRDA:1360,134,1,0
BRDA:1366,135,0,0
BRDA:1366,135,1,0
BRDA:1389,136,0,0
BRDA:1389,136,1,0
BRDA:1407,137,0,0
BRDA:1407,137,1,0
BRDA:1482,138,0,0
BRDA:1482,138,1,0
BRDA:1494,139,0,0
BRDA:1494,139,1,0
BRDA:1505,140,0,0
BRDA:1505,140,1,0
BRDA:1598,141,0,0
BRDA:1598,141,1,0
BRDA:1627,142,0,0
BRDA:1627,142,1,0
BRDA:1646,143,0,0
BRDA:1646,143,1,0
BRDA:1657,144,0,0
BRDA:1657,144,1,0
BRDA:1714,145,0,0
BRDA:1714,145,1,0
BRDA:1801,146,0,0
BRDA:1801,146,1,0
BRDA:1802,147,0,0
BRDA:1802,147,1,0
BRDA:1805,148,0,0
BRDA:1805,148,1,0
BRDA:1814,149,0,0
BRDA:1814,149,1,0
BRDA:1814,149,2,0
BRDA:1815,150,0,0
BRDA:1815,150,1,0
BRDA:1864,151,0,0
BRDA:1864,151,1,0
BRDA:1879,152,0,0
BRDA:1879,152,1,0
BRDA:1890,153,0,0
BRDA:1890,153,1,0
BRDA:1897,154,0,0
BRDA:1897,154,1,0
BRDA:1897,154,2,0
BRDA:1962,155,0,0
BRDA:1962,155,1,0
BRDA:1969,156,0,0
BRDA:1969,156,1,0
BRDA:1973,157,0,0
BRDA:1973,157,1,0
BRDA:1977,158,0,0
BRDA:1977,158,1,0
BRDA:1981,159,0,0
BRDA:1981,159,1,0
BRDA:2009,160,0,0
BRDA:2009,160,1,0
BRDA:2009,161,0,0
BRDA:2009,161,1,0
BRDA:2018,162,0,0
BRDA:2018,162,1,0
BRDA:2018,163,0,0
BRDA:2018,163,1,0
BRDA:2022,164,0,0
BRDA:2022,164,1,0
BRDA:2048,165,0,0
BRDA:2048,165,1,0
BRDA:2063,166,0,0
BRDA:2063,166,1,0
BRDA:2064,167,0,0
BRDA:2064,167,1,0
BRDA:2105,168,0,0
BRDA:2105,168,1,0
BRF:342
BRH:0
end_of_record
TN:
SF:src\pages\hr\ActivityStaffingPage.tsx
FN:57,createSeededNumber
FN:60,(anonymous_1)
FN:65,getDummyCandidateInsight
FN:107,getRiskOrder
FN:113,getAvailabilityOrder
FN:119,getSelectedCandidates
FN:123,(anonymous_6)
FN:128,computeQualityCheckIssues
FN:147,(anonymous_8)
FN:155,(anonymous_9)
FN:171,computeRecommendedAction
FN:185,(anonymous_11)
FN:193,(anonymous_12)
FN:203,computeShortlistSummary
FN:211,(anonymous_14)
FN:217,(anonymous_15)
FN:221,(anonymous_16)
FN:225,(anonymous_17)
FN:240,computeFilteredCandidates
FN:262,(anonymous_19)
FN:267,(anonymous_20)
FN:272,(anonymous_21)
FN:278,(anonymous_22)
FN:284,(anonymous_23)
FN:308,getInitialSelectedPrimaryIds
FN:316,(anonymous_25)
FN:321,fetchStaffingPageData
FN:341,(anonymous_27)
FN:359,getErrorMessage
FN:363,getNextCompareIds
FN:365,(anonymous_30)
FN:373,getAvailabilityToneFromInsight
FN:379,getRiskBadgeStylesForRisk
FN:389,isRosterReadyAwaitingHr
FN:395,ActivityStaffingPage
FN:399,ActivityStaffingPageContent
FN:437,(anonymous_36)
FN:467,(anonymous_37)
FN:471,(anonymous_38)
FN:476,(anonymous_39)
FN:487,(anonymous_40)
FN:488,(anonymous_41)
FN:491,(anonymous_42)
FN:492,(anonymous_43)
FN:494,(anonymous_44)
FN:499,(anonymous_45)
FN:500,(anonymous_46)
FN:503,(anonymous_47)
FN:508,(anonymous_48)
FN:509,(anonymous_49)
FN:512,(anonymous_50)
FN:515,(anonymous_51)
FN:517,(anonymous_52)
FN:521,(anonymous_53)
FN:525,(anonymous_54)
FN:529,(anonymous_55)
FN:572,(anonymous_56)
FN:605,(anonymous_57)
FN:606,(anonymous_58)
FN:611,(anonymous_59)
FN:616,(anonymous_60)
FN:627,(anonymous_61)
FN:631,(anonymous_62)
FN:635,(anonymous_63)
FN:639,(anonymous_64)
FN:659,(anonymous_65)
FN:712,(anonymous_66)
FN:717,(anonymous_67)
FN:721,(anonymous_68)
FN:727,(anonymous_69)
FN:739,(anonymous_70)
FN:785,(anonymous_71)
FN:793,(anonymous_72)
FN:801,(anonymous_73)
FN:809,(anonymous_74)
FN:853,(anonymous_75)
FN:956,(anonymous_76)
FN:1043,(anonymous_77)
FN:1058,(anonymous_78)
FN:1088,(anonymous_79)
FN:1088,(anonymous_80)
FN:1097,(anonymous_81)
FN:1097,(anonymous_82)
FN:1106,(anonymous_83)
FN:1106,(anonymous_84)
FN:1119,(anonymous_85)
FN:1227,(anonymous_86)
FN:1245,(anonymous_87)
FN:1253,(anonymous_88)
FN:1316,(anonymous_89)
FN:1408,(anonymous_90)
FN:1445,(anonymous_91)
FN:1539,(anonymous_92)
FN:1558,(anonymous_93)
FN:1582,(anonymous_94)
FN:1595,(anonymous_95)
FN:1605,(anonymous_96)
FN:1650,(anonymous_97)
FN:1663,(anonymous_98)
FN:1673,(anonymous_99)
FN:1717,(anonymous_100)
FN:1730,(anonymous_101)
FN:1739,(anonymous_102)
FN:1784,(anonymous_103)
FN:1797,(anonymous_104)
FN:1888,(anonymous_105)
FN:1915,(anonymous_106)
FN:1960,(anonymous_107)
FN:1962,(anonymous_108)
FN:1976,(anonymous_109)
FN:1995,(anonymous_110)
FN:2008,(anonymous_111)
FN:2026,(anonymous_112)
FN:2117,(anonymous_113)
FN:2144,(anonymous_114)
FNF:115
FNH:0
FNDA:0,createSeededNumber
FNDA:0,(anonymous_1)
FNDA:0,getDummyCandidateInsight
FNDA:0,getRiskOrder
FNDA:0,getAvailabilityOrder
FNDA:0,getSelectedCandidates
FNDA:0,(anonymous_6)
FNDA:0,computeQualityCheckIssues
FNDA:0,(anonymous_8)
FNDA:0,(anonymous_9)
FNDA:0,computeRecommendedAction
FNDA:0,(anonymous_11)
FNDA:0,(anonymous_12)
FNDA:0,computeShortlistSummary
FNDA:0,(anonymous_14)
FNDA:0,(anonymous_15)
FNDA:0,(anonymous_16)
FNDA:0,(anonymous_17)
FNDA:0,computeFilteredCandidates
FNDA:0,(anonymous_19)
FNDA:0,(anonymous_20)
FNDA:0,(anonymous_21)
FNDA:0,(anonymous_22)
FNDA:0,(anonymous_23)
FNDA:0,getInitialSelectedPrimaryIds
FNDA:0,(anonymous_25)
FNDA:0,fetchStaffingPageData
FNDA:0,(anonymous_27)
FNDA:0,getErrorMessage
FNDA:0,getNextCompareIds
FNDA:0,(anonymous_30)
FNDA:0,getAvailabilityToneFromInsight
FNDA:0,getRiskBadgeStylesForRisk
FNDA:0,isRosterReadyAwaitingHr
FNDA:0,ActivityStaffingPage
FNDA:0,ActivityStaffingPageContent
FNDA:0,(anonymous_36)
FNDA:0,(anonymous_37)
FNDA:0,(anonymous_38)
FNDA:0,(anonymous_39)
FNDA:0,(anonymous_40)
FNDA:0,(anonymous_41)
FNDA:0,(anonymous_42)
FNDA:0,(anonymous_43)
FNDA:0,(anonymous_44)
FNDA:0,(anonymous_45)
FNDA:0,(anonymous_46)
FNDA:0,(anonymous_47)
FNDA:0,(anonymous_48)
FNDA:0,(anonymous_49)
FNDA:0,(anonymous_50)
FNDA:0,(anonymous_51)
FNDA:0,(anonymous_52)
FNDA:0,(anonymous_53)
FNDA:0,(anonymous_54)
FNDA:0,(anonymous_55)
FNDA:0,(anonymous_56)
FNDA:0,(anonymous_57)
FNDA:0,(anonymous_58)
FNDA:0,(anonymous_59)
FNDA:0,(anonymous_60)
FNDA:0,(anonymous_61)
FNDA:0,(anonymous_62)
FNDA:0,(anonymous_63)
FNDA:0,(anonymous_64)
FNDA:0,(anonymous_65)
FNDA:0,(anonymous_66)
FNDA:0,(anonymous_67)
FNDA:0,(anonymous_68)
FNDA:0,(anonymous_69)
FNDA:0,(anonymous_70)
FNDA:0,(anonymous_71)
FNDA:0,(anonymous_72)
FNDA:0,(anonymous_73)
FNDA:0,(anonymous_74)
FNDA:0,(anonymous_75)
FNDA:0,(anonymous_76)
FNDA:0,(anonymous_77)
FNDA:0,(anonymous_78)
FNDA:0,(anonymous_79)
FNDA:0,(anonymous_80)
FNDA:0,(anonymous_81)
FNDA:0,(anonymous_82)
FNDA:0,(anonymous_83)
FNDA:0,(anonymous_84)
FNDA:0,(anonymous_85)
FNDA:0,(anonymous_86)
FNDA:0,(anonymous_87)
FNDA:0,(anonymous_88)
FNDA:0,(anonymous_89)
FNDA:0,(anonymous_90)
FNDA:0,(anonymous_91)
FNDA:0,(anonymous_92)
FNDA:0,(anonymous_93)
FNDA:0,(anonymous_94)
FNDA:0,(anonymous_95)
FNDA:0,(anonymous_96)
FNDA:0,(anonymous_97)
FNDA:0,(anonymous_98)
FNDA:0,(anonymous_99)
FNDA:0,(anonymous_100)
FNDA:0,(anonymous_101)
FNDA:0,(anonymous_102)
FNDA:0,(anonymous_103)
FNDA:0,(anonymous_104)
FNDA:0,(anonymous_105)
FNDA:0,(anonymous_106)
FNDA:0,(anonymous_107)
FNDA:0,(anonymous_108)
FNDA:0,(anonymous_109)
FNDA:0,(anonymous_110)
FNDA:0,(anonymous_111)
FNDA:0,(anonymous_112)
FNDA:0,(anonymous_113)
FNDA:0,(anonymous_114)
DA:1,0
DA:2,0
DA:3,0
DA:7,0
DA:11,0
DA:22,0
DA:42,0
DA:58,0
DA:60,0
DA:61,0
DA:62,0
DA:66,0
DA:67,0
DA:68,0
DA:69,0
DA:70,0
DA:72,0
DA:77,0
DA:78,0
DA:83,0
DA:85,0
DA:86,0
DA:88,0
DA:108,0
DA:109,0
DA:110,0
DA:114,0
DA:115,0
DA:116,0
DA:123,0
DA:124,0
DA:134,0
DA:136,0
DA:137,0
DA:138,0
DA:140,0
DA:141,0
DA:146,0
DA:147,0
DA:148,0
DA:149,0
DA:151,0
DA:152,0
DA:155,0
DA:156,0
DA:157,0
DA:159,0
DA:160,0
DA:165,0
DA:166,0
DA:168,0
DA:176,0
DA:177,0
DA:178,0
DA:180,0
DA:181,0
DA:184,0
DA:185,0
DA:186,0
DA:187,0
DA:189,0
DA:190,0
DA:193,0
DA:194,0
DA:195,0
DA:197,0
DA:198,0
DA:200,0
DA:208,0
DA:211,0
DA:217,0
DA:218,0
DA:219,0
DA:221,0
DA:222,0
DA:223,0
DA:225,0
DA:226,0
DA:227,0
DA:230,0
DA:257,0
DA:258,0
DA:260,0
DA:261,0
DA:262,0
DA:263,0
DA:266,0
DA:267,0
DA:268,0
DA:271,0
DA:272,0
DA:273,0
DA:274,0
DA:277,0
DA:278,0
DA:279,0
DA:280,0
DA:284,0
DA:285,0
DA:286,0
DA:287,0
DA:289,0
DA:291,0
DA:293,0
DA:298,0
DA:301,0
DA:305,0
DA:312,0
DA:313,0
DA:315,0
DA:316,0
DA:318,0
DA:323,0
DA:330,0
DA:333,0
DA:336,0
DA:338,0
DA:341,0
DA:350,0
DA:360,0
DA:364,0
DA:365,0
DA:367,0
DA:368,0
DA:370,0
DA:374,0
DA:375,0
DA:376,0
DA:380,0
DA:381,0
DA:383,0
DA:384,0
DA:386,0
DA:390,0
DA:391,0
DA:392,0
DA:395,0
DA:396,0
DA:400,0
DA:401,0
DA:403,0
DA:404,0
DA:405,0
DA:406,0
DA:409,0
DA:411,0
DA:413,0
DA:415,0
DA:416,0
DA:417,0
DA:418,0
DA:419,0
DA:421,0
DA:422,0
DA:423,0
DA:425,0
DA:426,0
DA:428,0
DA:429,0
DA:431,0
DA:432,0
DA:433,0
DA:434,0
DA:435,0
DA:437,0
DA:438,0
DA:440,0
DA:441,0
DA:442,0
DA:450,0
DA:451,0
DA:452,0
DA:453,0
DA:454,0
DA:455,0
DA:456,0
DA:457,0
DA:458,0
DA:460,0
DA:461,0
DA:463,0
DA:467,0
DA:468,0
DA:471,0
DA:472,0
DA:473,0
DA:476,0
DA:477,0
DA:478,0
DA:485,0
DA:487,0
DA:488,0
DA:491,0
DA:492,0
DA:493,0
DA:494,0
DA:499,0
DA:500,0
DA:503,0
DA:504,0
DA:505,0
DA:508,0
DA:509,0
DA:512,0
DA:513,0
DA:514,0
DA:515,0
DA:517,0
DA:518,0
DA:521,0
DA:522,0
DA:525,0
DA:526,0
DA:529,0
DA:530,0
DA:532,0
DA:533,0
DA:534,0
DA:537,0
DA:539,0
DA:540,0
DA:544,0
DA:545,0
DA:546,0
DA:547,0
DA:549,0
DA:551,0
DA:557,0
DA:559,0
DA:560,0
DA:563,0
DA:565,0
DA:566,0
DA:568,0
DA:572,0
DA:573,0
DA:578,0
DA:580,0
DA:581,0
DA:584,0
DA:585,0
DA:588,0
DA:589,0
DA:592,0
DA:593,0
DA:596,0
DA:597,0
DA:600,0
DA:603,0
DA:605,0
DA:606,0
DA:607,0
DA:611,0
DA:612,0
DA:613,0
DA:616,0
DA:617,0
DA:625,0
DA:627,0
DA:628,0
DA:631,0
DA:632,0
DA:635,0
DA:636,0
DA:639,0
DA:640,0
DA:659,0
DA:660,0
DA:661,0
DA:664,0
DA:675,0
DA:686,0
DA:694,0
DA:702,0
DA:712,0
DA:713,0
DA:714,0
DA:717,0
DA:718,0
DA:721,0
DA:722,0
DA:723,0
DA:727,0
DA:734,0
DA:735,0
DA:739,0
DA:746,0
DA:758,0
DA:785,0
DA:793,0
DA:801,0
DA:809,0
DA:854,0
DA:855,0
DA:860,0
DA:861,0
DA:864,0
DA:957,0
DA:1043,0
DA:1058,0
DA:1088,0
DA:1097,0
DA:1106,0
DA:1120,0
DA:1123,0
DA:1126,0
DA:1128,0
DA:1129,0
DA:1130,0
DA:1131,0
DA:1132,0
DA:1133,0
DA:1136,0
DA:1137,0
DA:1139,0
DA:1228,0
DA:1245,0
DA:1253,0
DA:1317,0
DA:1409,0
DA:1446,0
DA:1448,0
DA:1540,0
DA:1558,0
DA:1582,0
DA:1595,0
DA:1606,0
DA:1608,0
DA:1650,0
DA:1663,0
DA:1674,0
DA:1676,0
DA:1717,0
DA:1730,0
DA:1740,0
DA:1784,0
DA:1797,0
DA:1889,0
DA:1916,0
DA:1961,0
DA:1962,0
DA:1963,0
DA:1977,0
DA:1978,0
DA:1995,0
DA:2008,0
DA:2027,0
DA:2029,0
DA:2118,0
DA:2145,0
LF:350
LH:0
BRDA:60,0,0,0
BRDA:60,0,1,0
BRDA:66,1,0,0
BRDA:66,1,1,0
BRDA:66,1,2,0
BRDA:108,2,0,0
BRDA:108,2,1,0
BRDA:109,3,0,0
BRDA:109,3,1,0
BRDA:114,4,0,0
BRDA:114,4,1,0
BRDA:115,5,0,0
BRDA:115,5,1,0
BRDA:134,6,0,0
BRDA:134,6,1,0
BRDA:137,7,0,0
BRDA:137,7,1,0
BRDA:140,8,0,0
BRDA:140,8,1,0
BRDA:149,9,0,0
BRDA:149,9,1,0
BRDA:151,10,0,0
BRDA:151,10,1,0
BRDA:159,11,0,0
BRDA:159,11,1,0
BRDA:165,12,0,0
BRDA:165,12,1,0
BRDA:165,13,0,0
BRDA:165,13,1,0
BRDA:176,14,0,0
BRDA:176,14,1,0
BRDA:177,15,0,0
BRDA:177,15,1,0
BRDA:180,16,0,0
BRDA:180,16,1,0
BRDA:189,17,0,0
BRDA:189,17,1,0
BRDA:197,18,0,0
BRDA:197,18,1,0
BRDA:208,19,0,0
BRDA:208,19,1,0
BRDA:211,20,0,0
BRDA:211,20,1,0
BRDA:260,21,0,0
BRDA:260,21,1,0
BRDA:266,22,0,0
BRDA:266,22,1,0
BRDA:271,23,0,0
BRDA:271,23,1,0
BRDA:277,24,0,0
BRDA:277,24,1,0
BRDA:287,25,0,0
BRDA:287,25,1,0
BRDA:287,25,2,0
BRDA:287,25,3,0
BRDA:287,25,4,0
BRDA:287,25,5,0
BRDA:298,26,0,0
BRDA:298,26,1,0
BRDA:298,27,0,0
BRDA:298,27,1,0
BRDA:301,28,0,0
BRDA:301,28,1,0
BRDA:301,29,0,0
BRDA:301,29,1,0
BRDA:312,30,0,0
BRDA:312,30,1,0
BRDA:315,31,0,0
BRDA:315,31,1,0
BRDA:330,32,0,0
BRDA:330,32,1,0
BRDA:333,33,0,0
BRDA:333,33,1,0
BRDA:336,34,0,0
BRDA:336,34,1,0
BRDA:341,35,0,0
BRDA:341,35,1,0
BRDA:343,36,0,0
BRDA:343,36,1,0
BRDA:344,37,0,0
BRDA:344,37,1,0
BRDA:345,38,0,0
BRDA:345,38,1,0
BRDA:346,39,0,0
BRDA:346,39,1,0
BRDA:347,40,0,0
BRDA:347,40,1,0
BRDA:360,41,0,0
BRDA:360,41,1,0
BRDA:360,41,2,0
BRDA:364,42,0,0
BRDA:364,42,1,0
BRDA:367,43,0,0
BRDA:367,43,1,0
BRDA:374,44,0,0
BRDA:374,44,1,0
BRDA:375,45,0,0
BRDA:375,45,1,0
BRDA:380,46,0,0
BRDA:380,46,1,0
BRDA:383,47,0,0
BRDA:383,47,1,0
BRDA:390,48,0,0
BRDA:390,48,1,0
BRDA:391,49,0,0
BRDA:391,49,1,0
BRDA:400,50,0,0
BRDA:438,51,0,0
BRDA:438,51,1,0
BRDA:454,52,0,0
BRDA:454,52,1,0
BRDA:473,53,0,0
BRDA:473,53,1,0
BRDA:477,54,0,0
BRDA:477,54,1,0
BRDA:479,55,0,0
BRDA:479,55,1,0
BRDA:479,55,2,0
BRDA:488,56,0,0
BRDA:488,56,1,0
BRDA:493,57,0,0
BRDA:493,57,1,0
BRDA:513,58,0,0
BRDA:513,58,1,0
BRDA:515,59,0,0
BRDA:515,59,1,0
BRDA:515,60,0,0
BRDA:515,60,1,0
BRDA:530,61,0,0
BRDA:530,61,1,0
BRDA:532,62,0,0
BRDA:532,62,1,0
BRDA:532,63,0,0
BRDA:532,63,1,0
BRDA:537,64,0,0
BRDA:537,64,1,0
BRDA:539,65,0,0
BRDA:539,65,1,0
BRDA:559,66,0,0
BRDA:559,66,1,0
BRDA:573,67,0,0
BRDA:573,67,1,0
BRDA:592,68,0,0
BRDA:592,68,1,0
BRDA:612,69,0,0
BRDA:612,69,1,0
BRDA:636,70,0,0
BRDA:636,70,1,0
BRDA:660,71,0,0
BRDA:660,71,1,0
BRDA:722,72,0,0
BRDA:722,72,1,0
BRDA:734,73,0,0
BRDA:734,73,1,0
BRDA:751,74,0,0
BRDA:751,74,1,0
BRDA:753,75,0,0
BRDA:753,75,1,0
BRDA:764,76,0,0
BRDA:764,76,1,0
BRDA:765,77,0,0
BRDA:765,77,1,0
BRDA:765,78,0,0
BRDA:765,78,1,0
BRDA:768,79,0,0
BRDA:768,79,1,0
BRDA:773,80,0,0
BRDA:773,80,1,0
BRDA:773,81,0,0
BRDA:773,81,1,0
BRDA:818,82,0,0
BRDA:818,82,1,0
BRDA:819,83,0,0
BRDA:819,83,1,0
BRDA:821,84,0,0
BRDA:821,84,1,0
BRDA:837,85,0,0
BRDA:837,85,1,0
BRDA:837,86,0,0
BRDA:837,86,1,0
BRDA:854,87,0,0
BRDA:854,87,1,0
BRDA:860,88,0,0
BRDA:860,88,1,0
BRDA:896,89,0,0
BRDA:896,89,1,0
BRDA:899,90,0,0
BRDA:899,90,1,0
BRDA:928,91,0,0
BRDA:928,91,1,0
BRDA:934,92,0,0
BRDA:934,92,1,0
BRDA:946,93,0,0
BRDA:946,93,1,0
BRDA:954,94,0,0
BRDA:954,94,1,0
BRDA:1008,95,0,0
BRDA:1008,95,1,0
BRDA:1016,96,0,0
BRDA:1016,96,1,0
BRDA:1024,97,0,0
BRDA:1024,97,1,0
BRDA:1114,98,0,0
BRDA:1114,98,1,0
BRDA:1128,99,0,0
BRDA:1128,99,1,0
BRDA:1128,99,2,0
BRDA:1130,100,0,0
BRDA:1130,100,1,0
BRDA:1132,101,0,0
BRDA:1132,101,1,0
BRDA:1146,102,0,0
BRDA:1146,102,1,0
BRDA:1247,103,0,0
BRDA:1247,103,1,0
BRDA:1314,104,0,0
BRDA:1314,104,1,0
BRDA:1318,105,0,0
BRDA:1318,105,1,0
BRDA:1439,106,0,0
BRDA:1439,106,1,0
BRDA:1522,107,0,0
BRDA:1522,107,1,0
BRDA:1533,108,0,0
BRDA:1533,108,1,0
BRDA:1576,109,0,0
BRDA:1576,109,1,0
BRDA:1602,110,0,0
BRDA:1602,110,1,0
BRDA:1615,111,0,0
BRDA:1615,111,1,0
BRDA:1644,112,0,0
BRDA:1644,112,1,0
BRDA:1670,113,0,0
BRDA:1670,113,1,0
BRDA:1683,114,0,0
BRDA:1683,114,1,0
BRDA:1711,115,0,0
BRDA:1711,115,1,0
BRDA:1736,116,0,0
BRDA:1736,116,1,0
BRDA:1750,117,0,0
BRDA:1750,117,1,0
BRDA:1762,118,0,0
BRDA:1762,118,1,0
BRDA:1742,119,0,0
BRDA:1742,119,1,0
BRDA:1742,119,2,0
BRDA:1778,120,0,0
BRDA:1778,120,1,0
BRDA:1778,121,0,0
BRDA:1778,121,1,0
BRDA:1778,121,2,0
BRDA:1945,122,0,0
BRDA:1945,122,1,0
BRDA:1961,123,0,0
BRDA:1961,123,1,0
BRDA:1963,124,0,0
BRDA:1963,124,1,0
BRDA:1977,125,0,0
BRDA:1977,125,1,0
BRDA:1989,126,0,0
BRDA:1989,126,1,0
BRDA:2014,127,0,0
BRDA:2014,127,1,0
BRF:265
BRH:0
end_of_record
TN:
SF:src\pages\hr\Dashboard.tsx
FN:33,HrDashboard
FN:35,(anonymous_1)
FN:56,(anonymous_2)
FN:65,(anonymous_3)
FN:68,(anonymous_4)
FN:101,(anonymous_5)
[...]
FN:231,disableTwoFactor
FN:240,regenerateTwoFactorBackupCodes
FNF:16
FNH:0
FNDA:0,handle
FNDA:0,registerUser
FNDA:0,loginUser
FNDA:0,verifyLoginTwoFactor
FNDA:0,requestPasswordReset
FNDA:0,resetPassword
FNDA:0,authHeaders
FNDA:0,logout
FNDA:0,getCurrentUser
FNDA:0,loginWithGoogle
FNDA:0,completeGoogleProfile
FNDA:0,getTwoFactorStatus
FNDA:0,startTwoFactorSetup
FNDA:0,confirmTwoFactorSetup
FNDA:0,disableTwoFactor
FNDA:0,regenerateTwoFactorBackupCodes
DA:2,0
DA:7,0
DA:8,0
DA:10,0
DA:11,0
DA:12,0
DA:13,0
DA:18,0
DA:19,0
DA:20,0
DA:24,0
DA:25,0
DA:28,0
DA:37,0
DA:42,0
DA:45,0
DA:46,0
DA:52,0
DA:67,0
DA:72,0
DA:77,0
DA:87,0
DA:88,0
DA:93,0
DA:100,0
DA:101,0
DA:106,0
DA:126,0
DA:127,0
DA:133,0
DA:134,0
DA:140,0
DA:141,0
DA:142,0
DA:143,0
DA:144,0
DA:145,0
DA:148,0
DA:154,0
DA:155,0
DA:160,0
DA:163,0
DA:167,0
DA:172,0
DA:173,0
DA:177,0
DA:183,0
DA:184,0
DA:192,0
DA:195,0
DA:196,0
DA:200,0
DA:207,0
DA:208,0
DA:212,0
DA:222,0
DA:223,0
DA:228,0
DA:231,0
DA:232,0
DA:237,0
DA:240,0
DA:244,0
DA:249,0
LF:64
LH:0
BRDA:2,0,0,0
BRDA:2,0,1,0
BRDA:7,1,0,0
BRDA:7,1,1,0
BRDA:10,2,0,0
BRDA:10,2,1,0
BRDA:13,3,0,0
BRDA:13,3,1,0
BRDA:13,4,0,0
BRDA:13,4,1,0
BRDA:13,4,2,0
BRDA:25,5,0,0
BRDA:25,5,1,0
BRDA:129,6,0,0
BRDA:129,6,1,0
BRDA:142,7,0,0
BRDA:142,7,1,0
BRDA:154,8,0,0
BRDA:154,8,1,0
BRDA:160,9,0,0
BRDA:160,9,1,0
BRF:21
BRH:0
end_of_record
TN:
SF:src\services\cv.service.ts
FN:3,uploadCv
FNF:1
FNH:0
FNDA:0,uploadCv
DA:1,0
DA:3,0
DA:4,0
DA:5,0
DA:6,0
DA:8,0
DA:13,0
DA:15,0
DA:16,0
DA:18,0
DA:21,0
DA:23,0
DA:28,0
DA:31,0
LF:14
LH:0
BRDA:1,0,0,0
BRDA:1,0,1,0
BRDA:6,1,0,0
BRDA:6,1,1,0
BRDA:21,2,0,0
BRDA:21,2,1,0
BRDA:23,3,0,0
BRDA:23,3,1,0
BRDA:25,4,0,0
BRDA:25,4,1,0
BRDA:27,5,0,0
BRDA:27,5,1,0
BRF:12
BRH:0
end_of_record
TN:
SF:src\services\departments.service.ts
FN:11,authHeaders
FN:21,handle
FN:34,getAllDepartments
FN:44,createDepartment
FN:58,updateDepartment
FN:75,deleteDepartment
FNF:6
FNH:0
FNDA:0,authHeaders
FNDA:0,handle
FNDA:0,getAllDepartments
FNDA:0,createDepartment
FNDA:0,updateDepartment
FNDA:0,deleteDepartment
DA:1,0
DA:12,0
DA:13,0
DA:15,0
DA:22,0
DA:23,0
DA:24,0
DA:25,0
DA:26,0
DA:27,0
DA:30,0
DA:31,0
DA:34,0
DA:35,0
DA:41,0
DA:44,0
DA:50,0
DA:55,0
DA:58,0
DA:67,0
DA:72,0
DA:75,0
DA:76,0
DA:80,0
LF:24
LH:0
BRDA:1,0,0,0
BRDA:1,0,1,0
BRDA:12,1,0,0
BRDA:12,1,1,0
BRDA:13,2,0,0
BRDA:13,2,1,0
BRDA:17,3,0,0
BRDA:17,3,1,0
BRDA:22,4,0,0
BRDA:22,4,1,0
BRDA:24,5,0,0
BRDA:24,5,1,0
BRDA:31,6,0,0
BRDA:31,6,1,0
BRF:14
BRH:0
end_of_record
TN:
SF:src\services\domains.service.ts
FN:5,authHeaders
FN:17,(anonymous_2)
FN:32,(anonymous_3)
FN:37,(anonymous_4)
FN:42,(anonymous_5)
FNF:5
FNH:0
FNDA:0,authHeaders
FNDA:0,(anonymous_2)
FNDA:0,(anonymous_3)
FNDA:0,(anonymous_4)
FNDA:0,(anonymous_5)
DA:1,0
DA:3,0
DA:6,0
DA:7,0
DA:8,0
DA:17,0
DA:18,0
DA:19,0
DA:20,0
DA:24,0
DA:25,0
DA:26,0
DA:28,0
DA:32,0
DA:33,0
DA:34,0
DA:37,0
DA:38,0
DA:39,0
DA:42,0
DA:43,0
DA:44,0
LF:22
LH:0
BRDA:3,0,0,0
BRDA:3,0,1,0
BRDA:6,1,0,0
BRDA:6,1,1,0
BRDA:7,2,0,0
BRDA:7,2,1,0
BRDA:8,3,0,0
BRDA:8,3,1,0
BRDA:20,4,0,0
BRDA:20,4,1,0
BRDA:26,5,0,0
BRDA:26,5,1,0
BRF:12
BRH:0
end_of_record
TN:
SF:src\services\employee.service.ts
FN:3,authHeaders
FN:11,handle
FN:48,normalizeEmployeeRecord
FN:75,getAllEmployees
FN:85,getEmployeesByDepartment
FN:95,getEmployeeByUserId
FN:98,(anonymous_6)
FN:104,getMyEmployeeRecord
FN:114,patchMyEmployeeRecord
FN:128,patchEmployeeById
FN:143,deleteEmployeeById
FNF:11
FNH:0
FNDA:0,authHeaders
FNDA:0,handle
FNDA:0,normalizeEmployeeRecord
FNDA:0,getAllEmployees
FNDA:0,getEmployeesByDepartment
FNDA:0,getEmployeeByUserId
FNDA:0,(anonymous_6)
FNDA:0,getMyEmployeeRecord
FNDA:0,patchMyEmployeeRecord
FNDA:0,patchEmployeeById
FNDA:0,deleteEmployeeById
DA:1,0
DA:4,0
DA:5,0
DA:12,0
DA:13,0
DA:14,0
DA:15,0
DA:16,0
DA:17,0
DA:20,0
DA:21,0
DA:49,0
DA:50,0
DA:52,0
DA:61,0
DA:75,0
DA:76,0
DA:80,0
DA:81,0
DA:82,0
DA:85,0
DA:86,0
DA:90,0
DA:91,0
DA:92,0
DA:95,0
DA:96,0
DA:97,0
DA:98,0
DA:104,0
DA:105,0
DA:109,0
DA:110,0
DA:114,0
DA:119,0
DA:124,0
DA:125,0
DA:128,0
DA:134,0
DA:139,0
DA:140,0
DA:143,0
DA:144,0
DA:148,0
LF:44
LH:0
BRDA:1,0,0,0
BRDA:1,0,1,0
BRDA:7,1,0,0
BRDA:7,1,1,0
BRDA:12,2,0,0
BRDA:12,2,1,0
BRDA:14,3,0,0
BRDA:14,3,1,0
BRDA:21,4,0,0
BRDA:21,4,1,0
BRDA:49,5,0,0
BRDA:49,5,1,0
BRDA:49,6,0,0
BRDA:49,6,1,0
BRDA:50,7,0,0
BRDA:50,7,1,0
BRDA:50,7,2,0
BRDA:50,7,3,0
BRDA:52,8,0,0
BRDA:52,8,1,0
BRDA:52,9,0,0
BRDA:52,9,1,0
BRDA:54,10,0,0
BRDA:54,10,1,0
BRDA:54,10,2,0
BRDA:55,11,0,0
BRDA:55,11,1,0
BRDA:57,12,0,0
BRDA:57,12,1,0
BRDA:63,13,0,0
BRDA:63,13,1,0
BRDA:65,14,0,0
BRDA:65,14,1,0
BRDA:66,15,0,0
BRDA:66,15,1,0
BRDA:67,16,0,0
BRDA:67,16,1,0
BRDA:68,17,0,0
BRDA:68,17,1,0
BRDA:69,18,0,0
BRDA:69,18,1,0
BRDA:81,19,0,0
BRDA:81,19,1,0
BRDA:91,20,0,0
BRDA:91,20,1,0
BRDA:98,21,0,0
BRDA:98,21,1,0
BRDA:98,22,0,0
BRDA:98,22,1,0
BRDA:98,23,0,0
BRDA:98,23,1,0
BRDA:110,24,0,0
BRDA:110,24,1,0
BRDA:125,25,0,0
BRDA:125,25,1,0
BRDA:140,26,0,0
BRDA:140,26,1,0
BRF:57
BRH:0
end_of_record
TN:
SF:src\services\hrCopilot.service.ts
FN:10,authHeaders
FN:22,searchActivities
FN:31,getCandidates
FN:39,explainCandidate
FNF:4
FNH:0
FNDA:0,authHeaders
FNDA:0,searchActivities
FNDA:0,getCandidates
FNDA:0,explainCandidate
DA:1,0
DA:8,0
DA:12,0
DA:13,0
DA:16,0
DA:22,0
DA:23,0
DA:28,0
DA:31,0
DA:32,0
DA:36,0
DA:39,0
DA:43,0
DA:47,0
LF:14
LH:0
BRDA:8,0,0,0
BRDA:8,0,1,0
BRDA:12,1,0,0
BRDA:12,1,1,0
BRDA:12,1,2,0
BRDA:18,2,0,0
BRDA:18,2,1,0
BRF:7
BRH:0
end_of_record
TN:
SF:src\services\manager-activity-monitor.service.ts
FN:15,storageKey
FN:25,hasWindow
FN:29,authHeaders
FN:40,getTodayKey
FN:48,pickTodayAttendancePatch
FN:54,(anonymous_5)
FN:61,buildDateRange
FN:80,getMonitorDraft
FN:97,saveMonitorDraft
FN:111,getMonitorDraftWithServer
FN:144,saveMonitorDraftWithServer
FN:174,ensureAttendanceMap
FN:180,(anonymous_12)
FN:182,(anonymous_13)
FNF:14
FNH:0
FNDA:0,storageKey
FNDA:0,hasWindow
FNDA:0,authHeaders
FNDA:0,getTodayKey
FNDA:0,pickTodayAttendancePatch
FNDA:0,(anonymous_5)
FNDA:0,buildDateRange
FNDA:0,getMonitorDraft
FNDA:0,saveMonitorDraft
FNDA:0,getMonitorDraftWithServer
FNDA:0,saveMonitorDraftWithServer
FNDA:0,ensureAttendanceMap
FNDA:0,(anonymous_12)
FNDA:0,(anonymous_13)
DA:12,0
DA:13,0
DA:16,0
DA:19,0
DA:26,0
DA:30,0
DA:31,0
DA:34,0
DA:41,0
DA:42,0
DA:43,0
DA:44,0
DA:45,0
DA:51,0
DA:52,0
DA:53,0
DA:54,0
DA:55,0
DA:56,0
DA:58,0
DA:61,0
DA:62,0
DA:63,0
DA:64,0
DA:65,0
DA:66,0
DA:68,0
DA:69,0
DA:70,0
DA:71,0
DA:72,0
DA:73,0
DA:74,0
DA:75,0
DA:77,0
DA:80,0
DA:81,0
DA:82,0
DA:83,0
DA:84,0
DA:85,0
DA:86,0
DA:93,0
DA:97,0
DA:98,0
DA:99,0
DA:100,0
DA:108,0
DA:111,0
DA:114,0
DA:115,0
DA:116,0
DA:123,0
DA:124,0
DA:130,0
DA:137,0
DA:138,0
DA:140,0
DA:144,0
DA:148,0
DA:149,0
DA:150,0
DA:151,0
DA:152,0
DA:164,0
DA:165,0
DA:166,0
DA:167,0
DA:168,0
DA:170,0
DA:174,0
DA:179,0
DA:180,0
DA:181,0
DA:182,0
DA:183,0
DA:185,0
DA:187,0
LF:78
LH:0
BRDA:13,0,0,0
BRDA:13,0,1,0
BRDA:26,1,0,0
BRDA:26,1,1,0
BRDA:30,2,0,0
BRDA:30,2,1,0
BRDA:31,3,0,0
BRDA:31,3,1,0
BRDA:36,4,0,0
BRDA:36,4,1,0
BRDA:51,5,0,0
BRDA:51,5,1,0
BRDA:56,6,0,0
BRDA:56,6,1,0
BRDA:58,7,0,0
BRDA:58,7,1,0
BRDA:62,8,0,0
BRDA:62,8,1,0
BRDA:62,9,0,0
BRDA:62,9,1,0
BRDA:65,10,0,0
BRDA:65,10,1,0
BRDA:65,11,0,0
BRDA:65,11,1,0
BRDA:66,12,0,0
BRDA:66,12,1,0
BRDA:81,13,0,0
BRDA:81,13,1,0
BRDA:81,14,0,0
BRDA:81,14,1,0
BRDA:84,15,0,0
BRDA:84,15,1,0
BRDA:87,16,0,0
BRDA:87,16,1,0
BRDA:88,17,0,0
BRDA:88,17,1,0
BRDA:89,18,0,0
BRDA:89,18,1,0
BRDA:98,19,0,0
BRDA:98,19,1,0
BRDA:98,20,0,0
BRDA:98,20,1,0
BRDA:102,21,0,0
BRDA:102,21,1,0
BRDA:103,22,0,0
BRDA:103,22,1,0
BRDA:105,23,0,0
BRDA:105,23,1,0
BRDA:123,24,0,0
BRDA:123,24,1,0
BRDA:131,25,0,0
BRDA:131,25,1,0
BRDA:131,25,2,0
BRDA:132,26,0,0
BRDA:132,26,1,0
BRDA:132,26,2,0
BRDA:134,27,0,0
BRDA:134,27,1,0
BRDA:134,28,0,0
BRDA:134,28,1,0
BRDA:135,29,0,0
BRDA:135,29,1,0
BRDA:164,30,0,0
BRDA:164,30,1,0
BRDA:166,31,0,0
BRDA:166,31,1,0
BRDA:179,32,0,0
BRDA:179,32,1,0
BRDA:181,33,0,0
BRDA:181,33,1,0
BRDA:183,34,0,0
BRDA:183,34,1,0
BRF:72
BRH:0
end_of_record
TN:
SF:src\services\notifications.service.ts
FN:6,authHeaders
FN:12,getMyNotifications
FN:21,markNotificationAsRead
FN:33,markAllNotificationsAsRead
FN:43,deleteNotification
FN:49,deleteNotifications
FNF:6
FNH:0
FNDA:0,authHeaders
FNDA:0,getMyNotifications
FNDA:0,markNotificationAsRead
FNDA:0,markAllNotificationsAsRead
FNDA:0,deleteNotification
FNDA:0,deleteNotifications
DA:1,0
DA:4,0
DA:7,0
DA:8,0
DA:9,0
DA:12,0
DA:13,0
DA:18,0
DA:21,0
DA:24,0
DA:33,0
DA:34,0
DA:43,0
DA:44,0
DA:49,0
DA:50,0
LF:16
LH:0
BRDA:4,0,0,0
BRDA:4,0,1,0
BRDA:7,1,0,0
BRDA:7,1,1,0
BRDA:8,2,0,0
BRDA:8,2,1,0
BRDA:9,3,0,0
BRDA:9,3,1,0
BRDA:18,4,0,0
BRDA:18,4,1,0
BRDA:18,5,0,0
BRDA:18,5,1,0
BRF:12
BRH:0
end_of_record
TN:
SF:src\services\post-activity-evaluations.service.ts
FN:3,api
FN:14,(anonymous_1)
FN:104,getCompletedActivitiesForEvaluation
FN:109,getFinalizedActivitiesForEvaluation
FN:114,getParticipantsForEvaluation
FN:121,submitEvaluation
FN:131,submitBulkEvaluations
FN:141,finalizeActivityEvaluations
FN:150,getEvaluationsByEmployee
FNF:9
FNH:0
FNDA:0,api
FNDA:0,(anonymous_1)
FNDA:0,getCompletedActivitiesForEvaluation
FNDA:0,getFinalizedActivitiesForEvaluation
FNDA:0,getParticipantsForEvaluation
FNDA:0,submitEvaluation
FNDA:0,submitBulkEvaluations
FNDA:0,finalizeActivityEvaluations
FNDA:0,getEvaluationsByEmployee
DA:1,0
DA:4,0
DA:5,0
DA:13,0
DA:14,0
DA:104,0
DA:105,0
DA:109,0
DA:110,0
DA:114,0
DA:117,0
DA:121,0
DA:124,0
DA:131,0
DA:134,0
DA:141,0
DA:144,0
DA:150,0
DA:153,0
LF:19
LH:0
BRDA:3,0,0,0
BRDA:8,1,0,0
BRDA:8,1,1,0
BRDA:9,2,0,0
BRDA:9,2,1,0
BRDA:13,3,0,0
BRDA:13,3,1,0
BRF:7
BRH:0
end_of_record
TN:
SF:src\services\recommendations.service.ts
FN:71,authHeaders
FN:82,handle
FN:99,normalizeNumber
FN:104,normalizeStringArray
FN:106,(anonymous_4)
FN:112,extractId
FN:129,mapRecommendationItem
FN:198,mapRecommendationFinalResponse
FN:224,getFinalRecommendations
FN:238,saveHrShortlist
FN:254,submitHrShortlistToManager
FNF:11
FNH:0
FNDA:0,authHeaders
FNDA:0,handle
FNDA:0,normalizeNumber
FNDA:0,normalizeStringArray
FNDA:0,(anonymous_4)
FNDA:0,extractId
FNDA:0,mapRecommendationItem
FNDA:0,mapRecommendationFinalResponse
FNDA:0,getFinalRecommendations
FNDA:0,saveHrShortlist
FNDA:0,submitHrShortlistToManager
DA:1,0
DA:73,0
DA:76,0
DA:83,0
DA:85,0
DA:86,0
DA:88,0
DA:89,0
DA:90,0
DA:93,0
DA:96,0
DA:100,0
DA:101,0
DA:105,0
DA:106,0
DA:113,0
DA:115,0
DA:117,0
DA:118,0
DA:126,0
DA:131,0
DA:136,0
DA:201,0
DA:224,0
DA:227,0
DA:234,0
DA:235,0
DA:238,0
DA:242,0
DA:251,0
DA:254,0
DA:257,0
DA:265,0
LF:33
LH:0
BRDA:1,0,0,0
BRDA:1,0,1,0
BRDA:73,1,0,0
BRDA:73,1,1,0
BRDA:78,2,0,0
BRDA:78,2,1,0
BRDA:85,3,0,0
BRDA:85,3,1,0
BRDA:86,4,0,0
BRDA:86,4,1,0
BRDA:89,5,0,0
BRDA:89,5,1,0
BRDA:90,6,0,0
BRDA:90,6,1,0
BRDA:90,6,2,0
BRDA:96,7,0,0
BRDA:96,7,1,0
BRDA:101,8,0,0
BRDA:101,8,1,0
BRDA:105,9,0,0
BRDA:105,9,1,0
BRDA:113,10,0,0
BRDA:113,10,1,0
BRDA:115,11,0,0
BRDA:115,11,1,0
BRDA:117,12,0,0
BRDA:117,12,1,0
BRDA:119,13,0,0
BRDA:119,13,1,0
BRDA:119,13,2,0
BRDA:119,13,3,0
BRDA:131,14,0,0
BRDA:131,14,1,0
BRDA:131,14,2,0
BRDA:131,14,3,0
BRDA:140,15,0,0
BRDA:140,15,1,0
BRDA:140,15,2,0
BRDA:140,15,3,0
BRDA:147,16,0,0
BRDA:147,16,1,0
BRDA:147,16,2,0
BRDA:155,17,0,0
BRDA:155,17,1,0
BRDA:159,18,0,0
BRDA:159,18,1,0
BRDA:163,19,0,0
BRDA:163,19,1,0
BRDA:163,19,2,0
BRDA:168,20,0,0
BRDA:168,20,1,0
BRDA:174,21,0,0
BRDA:174,21,1,0
BRDA:174,21,2,0
BRDA:179,22,0,0
BRDA:179,22,1,0
BRDA:183,23,0,0
BRDA:183,23,1,0
BRDA:187,24,0,0
BRDA:187,24,1,0
BRDA:191,25,0,0
BRDA:191,25,1,0
BRDA:202,26,0,0
BRDA:202,26,1,0
BRDA:216,27,0,0
BRDA:216,27,1,0
BRDA:217,28,0,0
BRDA:217,28,1,0
BRDA:218,29,0,0
BRDA:218,29,1,0
BRF:70
BRH:0
end_of_record
TN:
SF:src\services\skills.service.ts
FN:5,authHeaders
FN:11,(anonymous_2)
FN:16,(anonymous_3)
FN:26,(anonymous_4)
FN:31,(anonymous_5)
FN:36,(anonymous_6)
FN:46,(anonymous_7)
FN:51,(anonymous_8)
FN:59,(anonymous_9)
FN:75,(anonymous_10)
FNF:10
FNH:0
FNDA:0,authHeaders
FNDA:0,(anonymous_2)
FNDA:0,(anonymous_3)
FNDA:0,(anonymous_4)
FNDA:0,(anonymous_5)
FNDA:0,(anonymous_6)
FNDA:0,(anonymous_7)
FNDA:0,(anonymous_8)
FNDA:0,(anonymous_9)
FNDA:0,(anonymous_10)
DA:1,0
DA:3,0
DA:6,0
DA:7,0
DA:8,0
DA:11,0
DA:12,0
DA:13,0
DA:16,0
DA:22,0
DA:23,0
DA:26,0
DA:27,0
DA:28,0
DA:31,0
DA:32,0
DA:33,0
DA:36,0
DA:42,0
DA:43,0
DA:46,0
DA:47,0
DA:48,0
DA:51,0
DA:52,0
DA:56,0
DA:59,0
DA:67,0
DA:72,0
DA:75,0
DA:76,0
DA:79,0
LF:32
LH:0
BRDA:3,0,0,0
BRDA:3,0,1,0
BRDA:6,1,0,0
BRDA:6,1,1,0
BRDA:7,2,0,0
BRDA:7,2,1,0
BRDA:8,3,0,0
BRDA:8,3,1,0
BRF:8
BRH:0
end_of_record
TN:
SF:src\services\users.service.ts
FN:6,getToken
FN:10,logout
FN:15,authHeaders
FN:27,handle
FN:66,getCurrentUser
FN:81,getUsers
FN:86,updateUserRole
FN:95,deleteUser
FN:119,createUser
FN:129,updateUser
FN:138,approveUserAccount
FN:146,rejectUserAccount
FN:169,importUsersExcel
FNF:13
FNH:0
FNDA:0,getToken
FNDA:0,logout
FNDA:0,authHeaders
FNDA:0,handle
FNDA:0,getCurrentUser
FNDA:0,getUsers
FNDA:0,updateUserRole
FNDA:0,deleteUser
FNDA:0,createUser
FNDA:0,updateUser
FNDA:0,approveUserAccount
FNDA:0,rejectUserAccount
FNDA:0,importUsersExcel
DA:2,0
DA:4,0
DA:7,0
DA:10,0
DA:11,0
DA:16,0
DA:19,0
DA:23,0
DA:24,0
DA:28,0
DA:30,0
DA:31,0
DA:32,0
DA:33,0
DA:34,0
DA:35,0
DA:37,0
DA:39,0
DA:42,0
DA:66,0
DA:67,0
DA:68,0
DA:70,0
DA:76,0
DA:78,0
DA:81,0
DA:82,0
DA:83,0
DA:86,0
DA:87,0
DA:92,0
DA:95,0
DA:96,0
DA:100,0
DA:119,0
DA:120,0
DA:125,0
DA:129,0
DA:130,0
DA:135,0
DA:138,0
DA:139,0
DA:143,0
DA:146,0
DA:147,0
DA:151,0
DA:169,0
DA:170,0
DA:171,0
DA:173,0
DA:174,0
DA:176,0
DA:177,0
DA:184,0
DA:188,0
DA:192,0
LF:56
LH:0
BRDA:4,0,0,0
BRDA:4,0,1,0
BRDA:23,1,0,0
BRDA:23,1,1,0
BRDA:30,2,0,0
BRDA:30,2,1,0
BRDA:34,3,0,0
BRDA:34,3,1,0
BRDA:34,4,0,0
BRDA:34,4,1,0
BRDA:35,5,0,0
BRDA:35,5,1,0
BRDA:37,6,0,0
BRDA:37,6,1,0
BRDA:37,7,0,0
BRDA:37,7,1,0
BRDA:42,8,0,0
BRDA:42,8,1,0
BRDA:68,9,0,0
BRDA:68,9,1,0
BRDA:76,10,0,0
BRDA:76,10,1,0
BRDA:171,11,0,0
BRDA:171,11,1,0
BRDA:180,12,0,0
BRDA:180,12,1,0
BRDA:188,13,0,0
BRDA:188,13,1,0
BRDA:188,13,2,0
BRDA:188,13,3,0
BRDA:192,14,0,0
BRDA:192,14,1,0
BRF:32
BRH:0
end_of_record
TN:
SF:src\utils\auth.ts
FN:4,backendLogout
FN:23,signOut
FNF:2
FNH:0
FNDA:0,backendLogout
FNDA:0,signOut
DA:5,0
DA:6,0
DA:7,0
DA:8,0
DA:11,0
DA:23,0
DA:25,0
DA:28,0
DA:29,0
DA:32,0
LF:10
LH:0
BRDA:6,0,0,0
BRDA:6,0,1,0
BRDA:8,1,0,0
BRDA:8,1,1,0
BRF:4
BRH:0
end_of_record
TN:
SF:src\utils\autoTranslate.ts
FN:4,translateText
FN:27,translateDOM
FN:32,(anonymous_2)
FN:59,(anonymous_3)
FNF:4
FNH:0
FNDA:0,translateText
FNDA:0,translateDOM
FNDA:0,(anonymous_2)
FNDA:0,(anonymous_3)
DA:2,0
DA:4,0
DA:5,0
DA:8,0
DA:9,0
DA:11,0
DA:12,0
DA:15,0
DA:16,0
DA:17,0
DA:18,0
DA:21,0
DA:22,0
DA:27,0
DA:28,0
DA:33,0
DA:34,0
DA:36,0
DA:37,0
DA:38,0
DA:41,0
DA:42,0
DA:44,0
DA:45,0
DA:47,0
DA:52,0
DA:54,0
DA:55,0
DA:58,0
DA:60,0
DA:61,0
DA:62,0
DA:63,0
LF:33
LH:0
BRDA:8,0,0,0
BRDA:8,0,1,0
BRDA:8,1,0,0
BRDA:8,1,1,0
BRDA:8,1,2,0
BRDA:9,2,0,0
BRDA:9,2,1,0
BRDA:16,3,0,0
BRDA:16,3,1,0
BRDA:27,4,0,0
BRDA:34,5,0,0
BRDA:34,5,1,0
BRDA:37,6,0,0
BRDA:37,6,1,0
BRDA:41,7,0,0
BRDA:41,7,1,0
BRDA:44,8,0,0
BRDA:44,8,1,0
BRDA:60,9,0,0
BRDA:60,9,1,0
BRDA:62,10,0,0
BRDA:62,10,1,0
BRF:22
BRH:0
end_of_record
TN:
SF:src\utils\experienceSegments.ts
FN:10,segmentYears
FN:14,totalSegmentYears
FN:15,(anonymous_2)
FN:18,hasSegmentOverlap
FN:20,(anonymous_4)
FN:28,(anonymous_5)
FN:36,normalizeSegment
FNF:7
FNH:0
FNDA:0,segmentYears
FNDA:0,totalSegmentYears
FNDA:0,(anonymous_2)
FNDA:0,hasSegmentOverlap
FNDA:0,(anonymous_4)
FNDA:0,(anonymous_5)
FNDA:0,normalizeSegment
DA:10,0
DA:11,0
DA:14,0
DA:15,0
DA:18,0
DA:19,0
DA:21,0
DA:23,0
DA:26,0
DA:28,0
DA:30,0
DA:31,0
DA:33,0
DA:36,0
DA:38,0
DA:39,0
DA:45,0
LF:17
LH:0
BRDA:11,0,0,0
BRDA:11,0,1,0
BRDA:15,1,0,0
BRDA:15,1,1,0
BRDA:19,2,0,0
BRDA:19,2,1,0
BRDA:23,3,0,0
BRDA:23,3,1,0
BRDA:28,4,0,0
BRDA:28,4,1,0
BRDA:31,5,0,0
BRDA:31,5,1,0
BRDA:38,6,0,0
BRDA:38,6,1,0
BRDA:40,7,0,0
BRDA:40,7,1,0
BRDA:41,8,0,0
BRDA:41,8,1,0
BRDA:42,9,0,0
BRDA:42,9,1,0
BRDA:43,10,0,0
BRDA:43,10,1,0
BRDA:45,11,0,0
BRDA:45,11,1,0
BRF:24
BRH:0
end_of_record
TN:
SF:src\utils\fontPreferences.ts
FN:11,getCurrentUserScope
FN:27,scopedStorageKey
FN:31,getStoredValueWithFallback
FN:39,clampScale
FN:43,normalizeScale
FN:50,legacyFontScaleFromSize
FN:58,readStoredFontScale
FN:70,applyFontPreferences
FNF:8
FNH:0
FNDA:0,getCurrentUserScope
FNDA:0,scopedStorageKey
FNDA:0,getStoredValueWithFallback
FNDA:0,clampScale
FNDA:0,normalizeScale
FNDA:0,legacyFontScaleFromSize
FNDA:0,readStoredFontScale
FNDA:0,applyFontPreferences
DA:1,0
DA:3,0
DA:4,0
DA:5,0
DA:7,0
DA:12,0
DA:13,0
DA:14,0
DA:15,0
DA:20,0
DA:21,0
DA:23,0
DA:28,0
DA:32,0
DA:33,0
DA:34,0
DA:35,0
DA:36,0
DA:40,0
DA:44,0
DA:45,0
DA:46,0
DA:47,0
DA:51,0
DA:52,0
DA:53,0
DA:54,0
DA:55,0
DA:58,0
DA:59,0
DA:60,0
DA:61,0
DA:63,0
DA:64,0
DA:66,0
DA:70,0
DA:77,0
DA:79,0
DA:80,0
DA:81,0
DA:82,0
DA:85,0
DA:86,0
DA:87,0
DA:88,0
DA:94,0
LF:46
LH:0
BRDA:14,0,0,0
BRDA:14,0,1,0
BRDA:20,1,0,0
BRDA:20,1,1,0
BRDA:20,1,2,0
BRDA:20,1,3,0
BRDA:21,2,0,0
BRDA:21,2,1,0
BRDA:34,3,0,0
BRDA:34,3,1,0
BRDA:35,4,0,0
BRDA:35,4,1,0
BRDA:44,5,0,0
BRDA:44,5,1,0
BRDA:46,6,0,0
BRDA:46,6,1,0
BRDA:51,7,0,0
BRDA:51,7,1,0
BRDA:52,8,0,0
BRDA:52,8,1,0
BRDA:53,9,0,0
BRDA:53,9,1,0
BRDA:54,10,0,0
BRDA:54,10,1,0
BRDA:61,11,0,0
BRDA:61,11,1,0
BRDA:64,12,0,0
BRDA:64,12,1,0
BRDA:72,13,0,0
BRDA:77,14,0,0
BRDA:77,14,1,0
BRDA:85,15,0,0
BRDA:85,15,1,0
BRF:33
BRH:0
end_of_record
TN:
SF:src\utils\sidebarUser.ts
FN:13,getStoredAvatar
FN:21,getSubByRole
FN:32,getSidebarUserCard
FNF:3
FNH:0
FNDA:0,getStoredAvatar
FNDA:0,getSubByRole
FNDA:0,getSidebarUserCard
DA:4,0
DA:5,0
DA:14,0
DA:15,0
DA:17,0
DA:22,0
DA:23,0
DA:24,0
DA:25,0
DA:32,0
DA:33,0
DA:34,0
DA:35,0
DA:37,0
DA:38,0
DA:39,0
DA:40,0
DA:46,0
LF:18
LH:0
BRDA:22,0,0,0
BRDA:22,0,1,0
BRDA:23,1,0,0
BRDA:23,1,1,0
BRDA:23,2,0,0
BRDA:23,2,1,0
BRDA:23,2,2,0
BRDA:24,3,0,0
BRDA:24,3,1,0
BRDA:35,4,0,0
BRDA:35,4,1,0
BRDA:38,5,0,0
BRDA:38,5,1,0
BRDA:38,5,2,0
BRDA:39,6,0,0
BRDA:39,6,1,0
BRDA:41,7,0,0
BRDA:41,7,1,0
BRDA:42,8,0,0
BRDA:42,8,1,0
BRDA:43,9,0,0
BRDA:43,9,1,0
BRF:22
BRH:0
end_of_record
TN:
SF:src\utils\themePreferences.ts
FN:17,(anonymous_0)
FN:19,getCurrentUserScope
FN:35,scopedStorageKey
FN:39,getStoredValueWithFallback
FN:49,normalizeHexColor
FN:55,hexToRgb
FN:69,toRgba
FN:75,clamp
FN:79,rgbToHex
FN:80,(anonymous_9)
FN:84,mixHex
FN:96,luminance
FN:99,(anonymous_12)
FN:106,readStoredThemeMode
FN:115,readStoredThemeColor
FN:124,applyThemePreferences
FNF:16
FNH:0
FNDA:0,(anonymous_0)
FNDA:0,getCurrentUserScope
FNDA:0,scopedStorageKey
FNDA:0,getStoredValueWithFallback
FNDA:0,normalizeHexColor
FNDA:0,hexToRgb
FNDA:0,toRgba
FNDA:0,clamp
FNDA:0,rgbToHex
FNDA:0,(anonymous_9)
FNDA:0,mixHex
FNDA:0,luminance
FNDA:0,(anonymous_12)
FNDA:0,readStoredThemeMode
FNDA:0,readStoredThemeColor
FNDA:0,applyThemePreferences
DA:3,0
DA:4,0
DA:5,0
DA:7,0
DA:17,0
DA:20,0
DA:21,0
DA:22,0
DA:23,0
DA:28,0
DA:29,0
DA:31,0
DA:36,0
DA:40,0
DA:41,0
DA:42,0
DA:45,0
DA:46,0
DA:50,0
DA:51,0
DA:52,0
DA:56,0
DA:57,0
DA:60,0
DA:61,0
DA:62,0
DA:70,0
DA:71,0
DA:72,0
DA:76,0
DA:80,0
DA:81,0
DA:85,0
DA:86,0
DA:87,0
DA:88,0
DA:89,0
DA:97,0
DA:98,0
DA:99,0
DA:100,0
DA:101,0
DA:103,0
DA:106,0
DA:107,0
DA:108,0
DA:109,0
DA:111,0
DA:115,0
DA:116,0
DA:117,0
DA:118,0
DA:120,0
DA:124,0
DA:133,0
DA:134,0
DA:135,0
DA:136,0
DA:137,0
DA:138,0
DA:139,0
DA:140,0
DA:141,0
DA:142,0
DA:143,0
DA:145,0
DA:146,0
DA:147,0
DA:149,0
DA:150,0
DA:151,0
DA:152,0
DA:153,0
DA:154,0
DA:155,0
DA:156,0
DA:157,0
DA:158,0
DA:159,0
DA:160,0
DA:161,0
DA:163,0
DA:164,0
DA:167,0
DA:168,0
DA:169,0
DA:170,0
DA:176,0
LF:88
LH:0
BRDA:22,0,0,0
BRDA:22,0,1,0
BRDA:28,1,0,0
BRDA:28,1,1,0
BRDA:28,1,2,0
BRDA:28,1,3,0
BRDA:29,2,0,0
BRDA:29,2,1,0
BRDA:42,3,0,0
BRDA:42,3,1,0
BRDA:45,4,0,0
BRDA:45,4,1,0
BRDA:50,5,0,0
BRDA:50,5,1,0
BRDA:52,6,0,0
BRDA:52,6,1,0
BRDA:57,7,0,0
BRDA:57,7,1,0
BRDA:60,8,0,0
BRDA:60,8,1,0
BRDA:71,9,0,0
BRDA:71,9,1,0
BRDA:75,10,0,0
BRDA:75,11,0,0
BRDA:87,12,0,0
BRDA:87,12,1,0
BRDA:87,13,0,0
BRDA:87,13,1,0
BRDA:98,14,0,0
BRDA:98,14,1,0
BRDA:101,15,0,0
BRDA:101,15,1,0
BRDA:109,16,0,0
BRDA:109,16,1,0
BRDA:127,17,0,0
BRDA:133,18,0,0
BRDA:133,18,1,0
BRDA:134,19,0,0
BRDA:134,19,1,0
BRDA:143,20,0,0
BRDA:143,20,1,0
BRDA:163,21,0,0
BRDA:163,21,1,0
BRF:43
BRH:0
end_of_record
